<?xml version="1.0" encoding="utf-8"?>
<TestRun id="6892800f-837b-4ee7-8619-db06f5f1fdcc" name="DanMoisan@MEGALODON4 2026-09-09 10:10:13" runUser="Megalodon4\DanMoisan" xmlns="http://microsoft.com/schemas/VisualStudio/TeamTest/2010">
  <Times creation="2026-09-09T10:10:13.6322759-04:00" queuing="2026-09-09T10:10:13.6322759-04:00" start="2026-09-09T10:10:12.1825880-04:00" finish="2026-09-09T10:10:13.6467874-04:00" />
  <TestSettings name="default" id="4b2ebd7b-5612-463e-811a-a6b3978e72df">
    <Deployment runDeploymentRoot="DanMoisan_MEGALODON4_2026-09-09_10_10_13" />
  </TestSettings>
  <Results>
    <UnitTestResult executionId="6a3e8167-499c-4604-9fb2-349e3e5380c1" testId="12469bac-19b9-82cc-a220-7a4c62dfe4c2" testName="AssignFolderComboBox_WhenArchiveRootPathThrows_DegradesToIndexFallbackWithoutThrowing" computerName="MEGALODON4" duration="00:00:00.2663281" startTime="2026-09-09T10:10:13.0848310-04:00" endTime="2026-09-09T10:10:13.4576471-04:00" testType="13cdc9d9-ddb5-4fa4-a97d-d965ccfc6d4b" outcome="Passed" testListId="8c84fa94-04c1-424b-9868-57a2d4851a1d" relativeResultsDirectory="6a3e8167-499c-4604-9fb2-349e3e5380c1">
      <Output>
        <StdOut>Warning:&#xD;
     The component "Fluent Assertions" is governed by the rules defined in the Xceed License Agreement and&#xD;
     the Xceed Fluent Assertions Community License. You may use Fluent Assertions free of charge for&#xD;
     non-commercial use only. An active subscription is required to use Fluent Assertions for commercial use.&#xD;
&#xD;
     Please contact Xceed Sales mailto:sales@xceed.com to acquire a subscription at a very low cost.&#xD;
&#xD;
     A paid commercial license supports the development and continued increasing support of&#xD;
     Fluent Assertions users under both commercial and community licenses. Help us&#xD;
     keep Fluent Assertions at the forefront of unit testing.&#xD;
&#xD;
     For more information, visit https://xceed.com/products/unit-testing/fluent-assertions/&#xD;
&#xD;
&#xD;
&#xD;
Debug Trace:&#xD;
     Warning:&#xD;
     The component "Fluent Assertions" is governed by the rules defined in the Xceed License Agreement and&#xD;
     the Xceed Fluent Assertions Community License. You may use Fluent Assertions free of charge for&#xD;
     non-commercial use only. An active subscription is required to use Fluent Assertions for commercial use.&#xD;
&#xD;
     Please contact Xceed Sales mailto:sales@xceed.com to acquire a subscription at a very low cost.&#xD;
&#xD;
     A paid commercial license supports the development and continued increasing support of&#xD;
     Fluent Assertions users under both commercial and community licenses. Help us&#xD;
     keep Fluent Assertions at the forefront of unit testing.&#xD;
&#xD;
     For more information, visit https://xceed.com/products/unit-testing/fluent-assertions/</StdOut>
      </Output>
    </UnitTestResult>
  </Results>
  <TestDefinitions>
    <UnitTest name="AssignFolderComboBox_WhenArchiveRootPathThrows_DegradesToIndexFallbackWithoutThrowing" storage="c:\users\danmoisan\repos\taskmaster-wt\rr0908-813\quickfiler.test\bin\debug\quickfiler.test.dll" id="12469bac-19b9-82cc-a220-7a4c62dfe4c2">
      <Execution id="6a3e8167-499c-4604-9fb2-349e3e5380c1" />
      <TestMethod codeBase="C:\Users\DanMoisan\repos\TaskMaster-wt\rr0908-813\QuickFiler.Test\bin\Debug\QuickFiler.Test.dll" adapterTypeName="executor://mstestadapter/v4" className="QuickFiler.Controllers.Tests.QfcItemController_FolderHandlingTests" name="AssignFolderComboBox_WhenArchiveRootPathThrows_DegradesToIndexFallbackWithoutThrowing" />
    </UnitTest>
  </TestDefinitions>
  <TestEntries>
    <TestEntry testId="12469bac-19b9-82cc-a220-7a4c62dfe4c2" executionId="6a3e8167-499c-4604-9fb2-349e3e5380c1" testListId="8c84fa94-04c1-424b-9868-57a2d4851a1d" />
  </TestEntries>
  <TestLists>
    <TestList name="Results Not in a List" id="8c84fa94-04c1-424b-9868-57a2d4851a1d" />
    <TestList name="All Loaded Results" id="19431567-8539-422a-85d7-44ee4e166bda" />
  </TestLists>
  <ResultSummary outcome="Completed">
    <Counters total="1" executed="1" passed="1" failed="0" error="0" timeout="0" aborted="0" inconclusive="0" passedButRunAborted="0" notRunnable="0" notExecuted="0" disconnected="0" warning="0" completed="0" inProgress="0" pending="0" />
  </ResultSummary>
</TestRun>