<?xml version="1.0" encoding="utf-8"?>
<TestRun id="4e1648ba-b828-454e-b80e-c21f51f97991" name="<user>@<host> 2026-08-26 09:42:09" runUser="<host>\<user>" xmlns="http://microsoft.com/schemas/VisualStudio/TeamTest/2010">
  <Times creation="2026-08-26T09:42:09.6135109-04:00" queuing="2026-08-26T09:42:09.6135109-04:00" start="2026-08-26T09:42:08.2141638-04:00" finish="2026-08-26T09:42:09.6326003-04:00" />
  <TestSettings name="default" id="d1a96d1f-f029-4868-aaa5-f433265e713d">
    <Deployment runDeploymentRoot="<user>_<host>_2026-08-26_09_42_09" />
  </TestSettings>
  <Results>
    <UnitTestResult executionId="3b71c69a-90f6-4fe1-b723-2d7ac7a6349f" testId="1d143aba-2b01-851e-92c7-81129c16b25d" testName="TryGetItemGroupByIndexResolvesInsertionOrderAfterMutation" computerName="<host>" duration="00:00:00.0254356" startTime="2026-08-26T09:42:09.4867818-04:00" endTime="2026-08-26T09:42:09.5182127-04:00" testType="13cdc9d9-ddb5-4fa4-a97d-d965ccfc6d4b" outcome="Passed" testListId="8c84fa94-04c1-424b-9868-57a2d4851a1d" relativeResultsDirectory="3b71c69a-90f6-4fe1-b723-2d7ac7a6349f" />
    <UnitTestResult executionId="ca38fa2b-7a1c-4717-a63d-152605ccb874" testId="1c623b0a-4238-8280-b40e-da5826e89bfd" testName="ItemGroupsToMoveFieldDeclaresAnOrderedContract" computerName="<host>" duration="00:00:00.0471047" startTime="2026-08-26T09:42:09.2601504-04:00" endTime="2026-08-26T09:42:09.4692662-04:00" testType="13cdc9d9-ddb5-4fa4-a97d-d965ccfc6d4b" outcome="Passed" testListId="8c84fa94-04c1-424b-9868-57a2d4851a1d" relativeResultsDirectory="ca38fa2b-7a1c-4717-a63d-152605ccb874">
      <Output>
        <StdOut>Warning:&#xD;
     The component "Fluent Assertions" is governed by the rules defined in the Xceed License Agreement and&#xD;
     the Xceed Fluent Assertions Community License. You may use Fluent Assertions free of charge for&#xD;
     non-commercial use only. An active subscription is required to use Fluent Assertions for commercial use.&#xD;
&#xD;
     Please contact Xceed Sales mailto:sales@xceed.com to acquire a subscription at a very low cost.&#xD;
&#xD;
     A paid commercial license supports the development and continued increasing support of&#xD;
     Fluent Assertions users under both commercial and community licenses. Help us&#xD;
     keep Fluent Assertions at the forefront of unit testing.&#xD;
&#xD;
     For more information, visit https://xceed.com/products/unit-testing/fluent-assertions/&#xD;
&#xD;
&#xD;
&#xD;
Debug Trace:&#xD;
     Warning:&#xD;
     The component "Fluent Assertions" is governed by the rules defined in the Xceed License Agreement and&#xD;
     the Xceed Fluent Assertions Community License. You may use Fluent Assertions free of charge for&#xD;
     non-commercial use only. An active subscription is required to use Fluent Assertions for commercial use.&#xD;
&#xD;
     Please contact Xceed Sales mailto:sales@xceed.com to acquire a subscription at a very low cost.&#xD;
&#xD;
     A paid commercial license supports the development and continued increasing support of&#xD;
     Fluent Assertions users under both commercial and community licenses. Help us&#xD;
     keep Fluent Assertions at the forefront of unit testing.&#xD;
&#xD;
     For more information, visit https://xceed.com/products/unit-testing/fluent-assertions/</StdOut>
      </Output>
    </UnitTestResult>
  </Results>
  <TestDefinitions>
    <UnitTest name="TryGetItemGroupByIndexResolvesInsertionOrderAfterMutation" storage="c:\users\danmoisan\repos\taskmaster\.claude\worktrees\agent-a21a3b3e3120ed6de\quickfiler.test\bin\debug\quickfiler.test.dll" id="1d143aba-2b01-851e-92c7-81129c16b25d">
      <Execution id="3b71c69a-90f6-4fe1-b723-2d7ac7a6349f" />
      <TestMethod codeBase="<repo-root>\QuickFiler.Test\bin\Debug\QuickFiler.Test.dll" adapterTypeName="executor://mstestadapter/v4" className="QuickFiler.Controllers.Tests.QfcCollectionControllerDefects468MoveTests" name="TryGetItemGroupByIndexResolvesInsertionOrderAfterMutation" />
    </UnitTest>
    <UnitTest name="ItemGroupsToMoveFieldDeclaresAnOrderedContract" storage="c:\users\danmoisan\repos\taskmaster\.claude\worktrees\agent-a21a3b3e3120ed6de\quickfiler.test\bin\debug\quickfiler.test.dll" id="1c623b0a-4238-8280-b40e-da5826e89bfd">
      <Execution id="ca38fa2b-7a1c-4717-a63d-152605ccb874" />
      <TestMethod codeBase="<repo-root>\QuickFiler.Test\bin\Debug\QuickFiler.Test.dll" adapterTypeName="executor://mstestadapter/v4" className="QuickFiler.Controllers.Tests.QfcCollectionControllerDefects468MoveTests" name="ItemGroupsToMoveFieldDeclaresAnOrderedContract" />
    </UnitTest>
  </TestDefinitions>
  <TestEntries>
    <TestEntry testId="1d143aba-2b01-851e-92c7-81129c16b25d" executionId="3b71c69a-90f6-4fe1-b723-2d7ac7a6349f" testListId="8c84fa94-04c1-424b-9868-57a2d4851a1d" />
    <TestEntry testId="1c623b0a-4238-8280-b40e-da5826e89bfd" executionId="ca38fa2b-7a1c-4717-a63d-152605ccb874" testListId="8c84fa94-04c1-424b-9868-57a2d4851a1d" />
  </TestEntries>
  <TestLists>
    <TestList name="Results Not in a List" id="8c84fa94-04c1-424b-9868-57a2d4851a1d" />
    <TestList name="All Loaded Results" id="19431567-8539-422a-85d7-44ee4e166bda" />
  </TestLists>
  <ResultSummary outcome="Completed">
    <Counters total="2" executed="2" passed="2" failed="0" error="0" timeout="0" aborted="0" inconclusive="0" passedButRunAborted="0" notRunnable="0" notExecuted="0" disconnected="0" warning="0" completed="0" inProgress="0" pending="0" />
    <Output>
      <StdOut>Test Parallelization enabled for <repo-root>\QuickFiler.Test\bin\Debug\QuickFiler.Test.dll (Workers: 24, Scope: ClassLevel)&#xD;
</StdOut>
    </Output>
  </ResultSummary>
</TestRun>