<?xml version="1.0" encoding="utf-8"?>
<TestRun id="48437874-59bd-4470-ac3c-4c7136ec2ae3" name="DanMoisan@MEGALODON4 2026-08-28 01:35:16" runUser="Megalodon4\DanMoisan" xmlns="http://microsoft.com/schemas/VisualStudio/TeamTest/2010">
  <Times creation="2026-08-28T01:35:16.4586906-04:00" queuing="2026-08-28T01:35:16.4586906-04:00" start="2026-08-28T01:35:14.5831152-04:00" finish="2026-08-28T01:35:16.7174187-04:00" />
  <TestSettings name="default" id="82bd6474-dd50-4ec2-916d-9f3bffaa378b">
    <Deployment runDeploymentRoot="DanMoisan_MEGALODON4_2026-08-28_01_35_16" />
  </TestSettings>
  <Results>
    <UnitTestResult executionId="b327cebc-7786-4cd1-abbe-3c3ba8dfa7dc" testId="110c14d5-b44e-89d3-8dff-af2024fa3d4e" testName="ResetAndPooledReuse_DetachPopupAndDoNotDuplicateCallbacks" computerName="MEGALODON4" duration="00:00:00.9673048" startTime="2026-08-28T01:35:15.5714654-04:00" endTime="2026-08-28T01:35:16.6538724-04:00" testType="13cdc9d9-ddb5-4fa4-a97d-d965ccfc6d4b" outcome="Passed" testListId="8c84fa94-04c1-424b-9868-57a2d4851a1d" relativeResultsDirectory="b327cebc-7786-4cd1-abbe-3c3ba8dfa7dc">
      <Output>
        <StdOut>Debug Trace:&#xD;
testhost.exe Warning: 0 : SvgRenderer load 'QuickFiler.resources': System.IO.FileNotFoundException: Could not load file or assembly 'QuickFiler.resources' or one of its dependencies. The system cannot find the file specified.&#xD;
testhost.exe Warning: 0 : SvgRenderer load 'QuickFiler.resources': System.IO.FileNotFoundException: Could not load file or assembly 'QuickFiler.resources' or one of its dependencies. The system cannot find the file specified.&#xD;
testhost.exe Warning: 0 : SvgRenderer load 'QuickFiler.resources': System.IO.FileNotFoundException: Could not load file or assembly 'QuickFiler.resources' or one of its dependencies. The system cannot find the file specified.&#xD;
testhost.exe Warning: 0 : SvgRenderer load 'QuickFiler.resources': System.IO.FileNotFoundException: Could not load file or assembly 'QuickFiler.resources' or one of its dependencies. The system cannot find the file specified.&#xD;
testhost.exe Warning: 0 : SvgRenderer load 'QuickFiler.resources': System.IO.FileNotFoundException: Could not load file or assembly 'QuickFiler.resources' or one of its dependencies. The system cannot find the file specified.&#xD;
testhost.exe Warning: 0 : SvgRenderer load 'QuickFiler.resources': System.IO.FileNotFoundException: Could not load file or assembly 'QuickFiler.resources' or one of its dependencies. The system cannot find the file specified.&#xD;
testhost.exe Warning: 0 : SvgRenderer load 'QuickFiler.resources': System.IO.FileNotFoundException: Could not load file or assembly 'QuickFiler.resources' or one of its dependencies. The system cannot find the file specified.&#xD;
testhost.exe Warning: 0 : SvgRenderer load 'QuickFiler.resources': System.IO.FileNotFoundException: Could not load file or assembly 'QuickFiler.resources' or one of its dependencies. The system cannot find the file specified.&#xD;
testhost.exe Warning: 0 : SvgRenderer load 'QuickFiler.resources': System.IO.FileNotFoundException: Could not load file or assembly 'QuickFiler.resources' or one of its dependencies. The system cannot find the file specified.&#xD;
testhost.exe Warning: 0 : SvgRenderer load 'QuickFiler.resources': System.IO.FileNotFoundException: Could not load file or assembly 'QuickFiler.resources' or one of its dependencies. The system cannot find the file specified.</StdOut>
      </Output>
    </UnitTestResult>
    <UnitTestResult executionId="29a1b01e-893f-40d8-96d4-f15c35ba08bc" testId="1eba9b3c-9ba5-8aa1-a6f1-084238706c7d" testName="ConfigureHostQueued_SetThemeBeforeDrain_ReplaysThemeOntoAdoptedHost" computerName="MEGALODON4" duration="00:00:00.0003610" startTime="2026-08-28T01:35:15.8776238-04:00" endTime="2026-08-28T01:35:15.8802046-04:00" testType="13cdc9d9-ddb5-4fa4-a97d-d965ccfc6d4b" outcome="Passed" testListId="8c84fa94-04c1-424b-9868-57a2d4851a1d" relativeResultsDirectory="29a1b01e-893f-40d8-96d4-f15c35ba08bc" />
    <UnitTestResult executionId="c7bea1fd-8ca0-4f13-bee8-8d7fd1ff17e1" testId="16eee676-a33a-8239-8c50-f6d7d61af39b" testName="HostReplacement_SubscriptionsAndMessengerReplacementPreserveOrder" computerName="MEGALODON4" duration="00:00:00.1818838" startTime="2026-08-28T01:35:15.5704651-04:00" endTime="2026-08-28T01:35:15.8707769-04:00" testType="13cdc9d9-ddb5-4fa4-a97d-d965ccfc6d4b" outcome="Passed" testListId="8c84fa94-04c1-424b-9868-57a2d4851a1d" relativeResultsDirectory="c7bea1fd-8ca0-4f13-bee8-8d7fd1ff17e1">
      <Output>
        <StdOut>Warning:&#xD;
     The component "Fluent Assertions" is governed by the rules defined in the Xceed License Agreement and&#xD;
     the Xceed Fluent Assertions Community License. You may use Fluent Assertions free of charge for&#xD;
     non-commercial use only. An active subscription is required to use Fluent Assertions for commercial use.&#xD;
&#xD;
     Please contact Xceed Sales mailto:sales@xceed.com to acquire a subscription at a very low cost.&#xD;
&#xD;
     A paid commercial license supports the development and continued increasing support of&#xD;
     Fluent Assertions users under both commercial and community licenses. Help us&#xD;
     keep Fluent Assertions at the forefront of unit testing.&#xD;
&#xD;
     For more information, visit https://xceed.com/products/unit-testing/fluent-assertions/&#xD;
&#xD;
&#xD;
&#xD;
Debug Trace:&#xD;
     Warning:&#xD;
     The component "Fluent Assertions" is governed by the rules defined in the Xceed License Agreement and&#xD;
     the Xceed Fluent Assertions Community License. You may use Fluent Assertions free of charge for&#xD;
     non-commercial use only. An active subscription is required to use Fluent Assertions for commercial use.&#xD;
&#xD;
     Please contact Xceed Sales mailto:sales@xceed.com to acquire a subscription at a very low cost.&#xD;
&#xD;
     A paid commercial license supports the development and continued increasing support of&#xD;
     Fluent Assertions users under both commercial and community licenses. Help us&#xD;
     keep Fluent Assertions at the forefront of unit testing.&#xD;
&#xD;
     For more information, visit https://xceed.com/products/unit-testing/fluent-assertions/</StdOut>
      </Output>
    </UnitTestResult>
  </Results>
  <TestDefinitions>
    <UnitTest name="ResetAndPooledReuse_DetachPopupAndDoNotDuplicateCallbacks" storage="c:\users\danmoisan\repos\taskmaster\.claude\worktrees\agent-a7a6ceda02fcdfc2d\quickfiler.test\bin\debug\quickfiler.test.dll" id="110c14d5-b44e-89d3-8dff-af2024fa3d4e">
      <Execution id="b327cebc-7786-4cd1-abbe-3c3ba8dfa7dc" />
      <TestMethod codeBase="C:\Users\DanMoisan\repos\TaskMaster\.claude\worktrees\agent-a7a6ceda02fcdfc2d\QuickFiler.Test\bin\Debug\QuickFiler.Test.dll" adapterTypeName="executor://mstestadapter/v4" className="QuickFiler.Test.Viewers.BreadcrumbDropDownIntegrationTests" name="ResetAndPooledReuse_DetachPopupAndDoNotDuplicateCallbacks" />
    </UnitTest>
    <UnitTest name="ConfigureHostQueued_SetThemeBeforeDrain_ReplaysThemeOntoAdoptedHost" storage="c:\users\danmoisan\repos\taskmaster\.claude\worktrees\agent-a7a6ceda02fcdfc2d\quickfiler.test\bin\debug\quickfiler.test.dll" id="1eba9b3c-9ba5-8aa1-a6f1-084238706c7d">
      <Execution id="29a1b01e-893f-40d8-96d4-f15c35ba08bc" />
      <TestMethod codeBase="C:\Users\DanMoisan\repos\TaskMaster\.claude\worktrees\agent-a7a6ceda02fcdfc2d\QuickFiler.Test\bin\Debug\QuickFiler.Test.dll" adapterTypeName="executor://mstestadapter/v4" className="QuickFiler.Test.Viewers.BreadcrumbItemViewerLifecycleCoordinatorTests" name="ConfigureHostQueued_SetThemeBeforeDrain_ReplaysThemeOntoAdoptedHost" />
    </UnitTest>
    <UnitTest name="HostReplacement_SubscriptionsAndMessengerReplacementPreserveOrder" storage="c:\users\danmoisan\repos\taskmaster\.claude\worktrees\agent-a7a6ceda02fcdfc2d\quickfiler.test\bin\debug\quickfiler.test.dll" id="16eee676-a33a-8239-8c50-f6d7d61af39b">
      <Execution id="c7bea1fd-8ca0-4f13-bee8-8d7fd1ff17e1" />
      <TestMethod codeBase="C:\Users\DanMoisan\repos\TaskMaster\.claude\worktrees\agent-a7a6ceda02fcdfc2d\QuickFiler.Test\bin\Debug\QuickFiler.Test.dll" adapterTypeName="executor://mstestadapter/v4" className="QuickFiler.Test.Viewers.BreadcrumbItemViewerLifecycleCoordinatorTests" name="HostReplacement_SubscriptionsAndMessengerReplacementPreserveOrder" />
    </UnitTest>
  </TestDefinitions>
  <TestEntries>
    <TestEntry testId="110c14d5-b44e-89d3-8dff-af2024fa3d4e" executionId="b327cebc-7786-4cd1-abbe-3c3ba8dfa7dc" testListId="8c84fa94-04c1-424b-9868-57a2d4851a1d" />
    <TestEntry testId="1eba9b3c-9ba5-8aa1-a6f1-084238706c7d" executionId="29a1b01e-893f-40d8-96d4-f15c35ba08bc" testListId="8c84fa94-04c1-424b-9868-57a2d4851a1d" />
    <TestEntry testId="16eee676-a33a-8239-8c50-f6d7d61af39b" executionId="c7bea1fd-8ca0-4f13-bee8-8d7fd1ff17e1" testListId="8c84fa94-04c1-424b-9868-57a2d4851a1d" />
  </TestEntries>
  <TestLists>
    <TestList name="Results Not in a List" id="8c84fa94-04c1-424b-9868-57a2d4851a1d" />
    <TestList name="All Loaded Results" id="19431567-8539-422a-85d7-44ee4e166bda" />
  </TestLists>
  <ResultSummary outcome="Completed">
    <Counters total="3" executed="3" passed="3" failed="0" error="0" timeout="0" aborted="0" inconclusive="0" passedButRunAborted="0" notRunnable="0" notExecuted="0" disconnected="0" warning="0" completed="0" inProgress="0" pending="0" />
    <Output>
      <StdOut>Test Parallelization enabled for C:\Users\DanMoisan\repos\TaskMaster\.claude\worktrees\agent-a7a6ceda02fcdfc2d\QuickFiler.Test\bin\Debug\QuickFiler.Test.dll (Workers: 24, Scope: ClassLevel)&#xD;
</StdOut>
    </Output>
  </ResultSummary>
</TestRun>