<?xml version="1.0" encoding="utf-8"?>
<TestRun id="2f2c55f9-1a3b-4ca4-ab48-e72eab706eab" name="DanMoisan@MEGALODON4 2026-06-08 22:22:40" runUser="Megalodon4\DanMoisan" xmlns="http://microsoft.com/schemas/VisualStudio/TeamTest/2010">
  <Times creation="2026-06-08T22:22:40.9677709-04:00" queuing="2026-06-08T22:22:40.9677709-04:00" start="2026-06-08T22:22:40.0459851-04:00" finish="2026-06-08T22:22:40.9857689-04:00" />
  <TestSettings name="default" id="202b160f-b9c5-43e9-a6f2-efbc086000f0">
    <Deployment runDeploymentRoot="DanMoisan_MEGALODON4_2026-06-08_22_22_40" />
  </TestSettings>
  <Results>
    <UnitTestResult executionId="bbb3111a-9843-458e-a295-0b4d2a88e2ec" testId="19137cba-549a-8f58-ae56-e6616511c4d9" testName="People_DeserializeShortcut_CanDeserializePatternCorrectly" computerName="MEGALODON4" duration="00:00:00.0103962" startTime="2026-06-08T22:22:40.8908495-04:00" endTime="2026-06-08T22:22:40.9058629-04:00" testType="13cdc9d9-ddb5-4fa4-a97d-d965ccfc6d4b" outcome="Passed" testListId="8c84fa94-04c1-424b-9868-57a2d4851a1d" relativeResultsDirectory="bbb3111a-9843-458e-a295-0b4d2a88e2ec">
      <Output>
        <StdOut>Debug Trace:&#xD;
﻿</StdOut>
      </Output>
    </UnitTestResult>
    <UnitTestResult executionId="43503a60-9bfe-4c60-b6b0-4d1fd032070e" testId="1146ac8c-98cb-86a7-a338-0e0c4de68a8f" testName="People_Deserialize_CanDeserializePatternCorrectly" computerName="MEGALODON4" duration="00:00:00.2691363" startTime="2026-06-08T22:22:40.5690944-04:00" endTime="2026-06-08T22:22:40.8852418-04:00" testType="13cdc9d9-ddb5-4fa4-a97d-d965ccfc6d4b" outcome="Passed" testListId="8c84fa94-04c1-424b-9868-57a2d4851a1d" relativeResultsDirectory="43503a60-9bfe-4c60-b6b0-4d1fd032070e">
      <Output>
        <StdOut>Debug Trace:&#xD;
﻿</StdOut>
      </Output>
    </UnitTestResult>
  </Results>
  <TestDefinitions>
    <UnitTest name="People_DeserializeShortcut_CanDeserializePatternCorrectly" storage="c:\users\danmoisan\repos\taskmaster-wt-2026-06-08-12-10\todomodel.test\bin\debug\todomodel.test.dll" id="19137cba-549a-8f58-ae56-e6616511c4d9">
      <Execution id="bbb3111a-9843-458e-a295-0b4d2a88e2ec" />
      <TestMethod codeBase="C:\Users\DanMoisan\repos\TaskMaster-wt-2026-06-08-12-10\ToDoModel.Test\bin\Debug\ToDoModel.Test.dll" adapterTypeName="executor://mstestadapter/v4" className="ToDoModel.Tests.Data_Model.People.PeopleScoDictionaryNewTests" name="People_DeserializeShortcut_CanDeserializePatternCorrectly" />
    </UnitTest>
    <UnitTest name="People_Deserialize_CanDeserializePatternCorrectly" storage="c:\users\danmoisan\repos\taskmaster-wt-2026-06-08-12-10\todomodel.test\bin\debug\todomodel.test.dll" id="1146ac8c-98cb-86a7-a338-0e0c4de68a8f">
      <Execution id="43503a60-9bfe-4c60-b6b0-4d1fd032070e" />
      <TestMethod codeBase="C:\Users\DanMoisan\repos\TaskMaster-wt-2026-06-08-12-10\ToDoModel.Test\bin\Debug\ToDoModel.Test.dll" adapterTypeName="executor://mstestadapter/v4" className="ToDoModel.Tests.Data_Model.People.PeopleScoDictionaryNewTests" name="People_Deserialize_CanDeserializePatternCorrectly" />
    </UnitTest>
  </TestDefinitions>
  <TestEntries>
    <TestEntry testId="19137cba-549a-8f58-ae56-e6616511c4d9" executionId="bbb3111a-9843-458e-a295-0b4d2a88e2ec" testListId="8c84fa94-04c1-424b-9868-57a2d4851a1d" />
    <TestEntry testId="1146ac8c-98cb-86a7-a338-0e0c4de68a8f" executionId="43503a60-9bfe-4c60-b6b0-4d1fd032070e" testListId="8c84fa94-04c1-424b-9868-57a2d4851a1d" />
  </TestEntries>
  <TestLists>
    <TestList name="Results Not in a List" id="8c84fa94-04c1-424b-9868-57a2d4851a1d" />
    <TestList name="All Loaded Results" id="19431567-8539-422a-85d7-44ee4e166bda" />
  </TestLists>
  <ResultSummary outcome="Completed">
    <Counters total="2" executed="2" passed="2" failed="0" error="0" timeout="0" aborted="0" inconclusive="0" passedButRunAborted="0" notRunnable="0" notExecuted="0" disconnected="0" warning="0" completed="0" inProgress="0" pending="0" />
  </ResultSummary>
</TestRun>