<?xml version="1.0" encoding="utf-8"?>
<TestRun id="23930d16-22ea-4949-9ed6-4c9dff8dfee7" name="REDACTED-USER@REDACTED-HOST 2026-08-26 10:11:53" runUser="REDACTED-HOST\REDACTED-USER" xmlns="http://microsoft.com/schemas/VisualStudio/TeamTest/2010">
  <Times creation="2026-08-26T10:11:53.8008842-04:00" queuing="2026-08-26T10:11:53.8008842-04:00" start="2026-08-26T10:11:51.7540039-04:00" finish="2026-08-26T10:11:53.8238985-04:00" />
  <TestSettings name="default" id="387d9b5b-36db-4a8d-a939-a2d461058384">
    <Deployment runDeploymentRoot="REDACTED-USER_REDACTED-HOST_2026-08-26_10_11_53" />
  </TestSettings>
  <Results>
    <UnitTestResult executionId="42fea07c-f2bf-4eb9-a1b2-5537ffb24f24" testId="10d6633d-0e65-89e4-8f37-57e712b09022" testName="HandleArrowKey_LeftOnMultiSegmentRow_ActivatesParentSegment" computerName="REDACTED-HOST" duration="00:00:00.4361011" startTime="2026-08-26T10:11:53.0161001-04:00" endTime="2026-08-26T10:11:53.5962543-04:00" testType="13cdc9d9-ddb5-4fa4-a97d-d965ccfc6d4b" outcome="Failed" testListId="8c84fa94-04c1-424b-9868-57a2d4851a1d" relativeResultsDirectory="42fea07c-f2bf-4eb9-a1b2-5537ffb24f24">
      <Output>
        <ErrorInfo>
          <Message>Test method QuickFiler.Test.Controllers.BreadcrumbBridgeRouterTests.HandleArrowKey_LeftOnMultiSegmentRow_ActivatesParentSegment threw exception:&#xD;
Moq.MockException: &#xD;
Expected invocation on the mock once, but was 0 times: p =&gt; p.GetImmediateSubfoldersAsync(It.Is&lt;FolderTreeNodeKey&gt;(k =&gt; k.FolderPath == "Inbox\Projects"), It.IsAny&lt;CancellationToken&gt;())&#xD;
&#xD;
Performed invocations:&#xD;
&#xD;
   Mock&lt;IFolderHierarchyProvider:1&gt; (p):&#xD;
   No invocations performed.&#xD;
</Message>
          <StackTrace>   at Moq.Mock.Verify(Mock mock, LambdaExpression expression, Times times, String failMessage) in /_/src/Moq/Mock.cs:line 332&#xD;
   at Moq.Mock`1.Verify[TResult](Expression`1 expression, Func`1 times) in /_/src/Moq/Mock`1.cs:line 841&#xD;
   at QuickFiler.Test.Controllers.BreadcrumbBridgeRouterTests.HandleArrowKey_LeftOnMultiSegmentRow_ActivatesParentSegment() in REDACTED-REPO-ROOT\QuickFiler.Test\Controllers\BreadcrumbBridgeRouterTests.cs:line 453&#xD;
</StackTrace>
        </ErrorInfo>
      </Output>
    </UnitTestResult>
    <UnitTestResult executionId="dd903cb5-eb5b-41a6-9ca5-958d144bbf50" testId="1d918fe1-96a0-8000-9153-8ad8ef2c6ac0" testName="HandleArrowKey_RepeatedLeft_WalksToRootThenFallsThroughToExistingBehavior" computerName="REDACTED-HOST" duration="00:00:00.1150980" startTime="2026-08-26T10:11:53.6050827-04:00" endTime="2026-08-26T10:11:53.7247461-04:00" testType="13cdc9d9-ddb5-4fa4-a97d-d965ccfc6d4b" outcome="Failed" testListId="8c84fa94-04c1-424b-9868-57a2d4851a1d" relativeResultsDirectory="dd903cb5-eb5b-41a6-9ca5-958d144bbf50">
      <Output>
        <StdOut>Warning:&#xD;
     The component "Fluent Assertions" is governed by the rules defined in the Xceed License Agreement and&#xD;
     the Xceed Fluent Assertions Community License. You may use Fluent Assertions free of charge for&#xD;
     non-commercial use only. An active subscription is required to use Fluent Assertions for commercial use.&#xD;
&#xD;
     Please contact Xceed Sales mailto:sales@xceed.com to acquire a subscription at a very low cost.&#xD;
&#xD;
     A paid commercial license supports the development and continued increasing support of&#xD;
     Fluent Assertions users under both commercial and community licenses. Help us&#xD;
     keep Fluent Assertions at the forefront of unit testing.&#xD;
&#xD;
     For more information, visit https://xceed.com/products/unit-testing/fluent-assertions/&#xD;
&#xD;
&#xD;
&#xD;
Debug Trace:&#xD;
     Warning:&#xD;
     The component "Fluent Assertions" is governed by the rules defined in the Xceed License Agreement and&#xD;
     the Xceed Fluent Assertions Community License. You may use Fluent Assertions free of charge for&#xD;
     non-commercial use only. An active subscription is required to use Fluent Assertions for commercial use.&#xD;
&#xD;
     Please contact Xceed Sales mailto:sales@xceed.com to acquire a subscription at a very low cost.&#xD;
&#xD;
     A paid commercial license supports the development and continued increasing support of&#xD;
     Fluent Assertions users under both commercial and community licenses. Help us&#xD;
     keep Fluent Assertions at the forefront of unit testing.&#xD;
&#xD;
     For more information, visit https://xceed.com/products/unit-testing/fluent-assertions/</StdOut>
        <ErrorInfo>
          <Message>Expected renders to contain 3 item(s), but found 2: {"{"html":"&lt;div class=\"rowwrap\" data-row-id=\"row-1\"&gt;&lt;div class=\"row selectable suggestion\"&gt;&lt;div class=\"crumb\"&gt;&lt;span class=\"seg\" data-segment-index=\"0\" data-segment-activate=\"true\" title=\"Inbox\"&gt;Inbox&lt;/span&gt;&lt;span class=\"sep\"&gt;→&lt;/span&gt;&lt;span class=\"affordance reexpand\" data-role=\"reexpand\"&gt;+&lt;/span&gt;&lt;span class=\"seg\" data-segment-index=\"1\" data-segment-activate=\"true\" title=\"Inbox\\Projects\"&gt;Projects&lt;/span&gt;&lt;/div&gt;&lt;span class=\"pct\"&gt;90%&lt;/span&gt;&lt;/div&gt;&lt;div class=\"children\"&gt;&lt;/div&gt;&lt;/div&gt;","rowId":"row-1","type":"render"}", "{"html":"&lt;div class=\"rowwrap\" data-row-id=\"row-1\"&gt;&lt;div class=\"row selectable suggestion\"&gt;&lt;div class=\"crumb\"&gt;&lt;span class=\"affordance reexpand\" data-role=\"reexpand\"&gt;+&lt;/span&gt;&lt;span class=\"seg\" data-segment-index=\"0\" data-segment-activate=\"true\" title=\"Inbox\"&gt;Inbox&lt;/span&gt;&lt;/div&gt;&lt;span class=\"pct\"&gt;90%&lt;/span&gt;&lt;/div&gt;&lt;div class=\"children\"&gt;&lt;/div&gt;&lt;/div&gt;","rowId":"row-1","type":"render"}"}.</Message>
          <StackTrace>   at FluentAssertions.Execution.LateBoundTestFramework.Throw(String message) in /_/Src/FluentAssertions/Execution/LateBoundTestFramework.cs:line 22&#xD;
   at FluentAssertions.Execution.AssertionChain.FailWith(Func`1 getFailureReason) in /_/Src/FluentAssertions/Execution/AssertionChain.cs:line 277&#xD;
   at FluentAssertions.Collections.GenericCollectionAssertions`3.HaveCount(Int32 expected, String because, Object[] becauseArgs) in /_/Src/FluentAssertions/Collections/GenericCollectionAssertions.cs:line 1497&#xD;
   at QuickFiler.Test.Controllers.BreadcrumbBridgeRouterTests.HandleArrowKey_RepeatedLeft_WalksToRootThenFallsThroughToExistingBehavior() in REDACTED-REPO-ROOT\QuickFiler.Test\Controllers\BreadcrumbBridgeRouterTests.cs:line 491</StackTrace>
        </ErrorInfo>
      </Output>
    </UnitTestResult>
  </Results>
  <TestDefinitions>
    <UnitTest name="HandleArrowKey_RepeatedLeft_WalksToRootThenFallsThroughToExistingBehavior" storage="REDACTED-REPO-ROOT\quickfiler.test\bin\debug\quickfiler.test.dll" id="1d918fe1-96a0-8000-9153-8ad8ef2c6ac0">
      <Execution id="dd903cb5-eb5b-41a6-9ca5-958d144bbf50" />
      <TestMethod codeBase="REDACTED-REPO-ROOT\QuickFiler.Test\bin\Debug\QuickFiler.Test.dll" adapterTypeName="executor://mstestadapter/v4" className="QuickFiler.Test.Controllers.BreadcrumbBridgeRouterTests" name="HandleArrowKey_RepeatedLeft_WalksToRootThenFallsThroughToExistingBehavior" />
    </UnitTest>
    <UnitTest name="HandleArrowKey_LeftOnMultiSegmentRow_ActivatesParentSegment" storage="REDACTED-REPO-ROOT\quickfiler.test\bin\debug\quickfiler.test.dll" id="10d6633d-0e65-89e4-8f37-57e712b09022">
      <Execution id="42fea07c-f2bf-4eb9-a1b2-5537ffb24f24" />
      <TestMethod codeBase="REDACTED-REPO-ROOT\QuickFiler.Test\bin\Debug\QuickFiler.Test.dll" adapterTypeName="executor://mstestadapter/v4" className="QuickFiler.Test.Controllers.BreadcrumbBridgeRouterTests" name="HandleArrowKey_LeftOnMultiSegmentRow_ActivatesParentSegment" />
    </UnitTest>
  </TestDefinitions>
  <TestEntries>
    <TestEntry testId="10d6633d-0e65-89e4-8f37-57e712b09022" executionId="42fea07c-f2bf-4eb9-a1b2-5537ffb24f24" testListId="8c84fa94-04c1-424b-9868-57a2d4851a1d" />
    <TestEntry testId="1d918fe1-96a0-8000-9153-8ad8ef2c6ac0" executionId="dd903cb5-eb5b-41a6-9ca5-958d144bbf50" testListId="8c84fa94-04c1-424b-9868-57a2d4851a1d" />
  </TestEntries>
  <TestLists>
    <TestList name="Results Not in a List" id="8c84fa94-04c1-424b-9868-57a2d4851a1d" />
    <TestList name="All Loaded Results" id="19431567-8539-422a-85d7-44ee4e166bda" />
  </TestLists>
  <ResultSummary outcome="Failed">
    <Counters total="2" executed="2" passed="0" failed="2" error="0" timeout="0" aborted="0" inconclusive="0" passedButRunAborted="0" notRunnable="0" notExecuted="0" disconnected="0" warning="0" completed="0" inProgress="0" pending="0" />
  </ResultSummary>
</TestRun>