<?xml version="1.0" encoding="utf-8"?>
<TestRun id="a1b58204-c0b8-4072-9716-11f6553fb99e" name="REDACTED-USER@REDACTED-HOST 2026-08-28 01:28:51" runUser="Megalodon4\REDACTED-USER" xmlns="http://microsoft.com/schemas/VisualStudio/TeamTest/2010">
  <Times creation="2026-08-28T01:28:51.1319161-04:00" queuing="2026-08-28T01:28:51.1319161-04:00" start="2026-08-28T01:28:48.9013544-04:00" finish="2026-08-28T01:28:51.1469286-04:00" />
  <TestSettings name="default" id="b1a37453-e483-4e56-b6f9-e84a1a7920de">
    <Deployment runDeploymentRoot="REDACTED-USER_REDACTED-HOST_2026-08-28_01_28_51" />
  </TestSettings>
  <Results>
    <UnitTestResult executionId="fdd5d4b0-6578-4b7d-9b6f-c18c7b04e0f6" testId="1051f970-ac66-8412-b68c-aadac9d499b6" testName="ItemViewerDisposal_OwnsHostAndDetachesBothSurfaces" computerName="REDACTED-HOST" duration="00:00:01.1108391" startTime="2026-08-28T01:28:49.8397751-04:00" endTime="2026-08-28T01:28:51.0644701-04:00" testType="13cdc9d9-ddb5-4fa4-a97d-d965ccfc6d4b" outcome="Passed" testListId="8c84fa94-04c1-424b-9868-57a2d4851a1d" relativeResultsDirectory="fdd5d4b0-6578-4b7d-9b6f-c18c7b04e0f6">
      <Output>
        <StdOut>Debug Trace:&#xD;
testhost.exe Warning: 0 : SvgRenderer load 'QuickFiler.resources': System.IO.FileNotFoundException: Could not load file or assembly 'QuickFiler.resources' or one of its dependencies. The system cannot find the file specified.&#xD;
testhost.exe Warning: 0 : SvgRenderer load 'QuickFiler.resources': System.IO.FileNotFoundException: Could not load file or assembly 'QuickFiler.resources' or one of its dependencies. The system cannot find the file specified.&#xD;
testhost.exe Warning: 0 : SvgRenderer load 'QuickFiler.resources': System.IO.FileNotFoundException: Could not load file or assembly 'QuickFiler.resources' or one of its dependencies. The system cannot find the file specified.&#xD;
testhost.exe Warning: 0 : SvgRenderer load 'QuickFiler.resources': System.IO.FileNotFoundException: Could not load file or assembly 'QuickFiler.resources' or one of its dependencies. The system cannot find the file specified.&#xD;
testhost.exe Warning: 0 : SvgRenderer load 'QuickFiler.resources': System.IO.FileNotFoundException: Could not load file or assembly 'QuickFiler.resources' or one of its dependencies. The system cannot find the file specified.&#xD;
testhost.exe Warning: 0 : SvgRenderer load 'QuickFiler.resources': System.IO.FileNotFoundException: Could not load file or assembly 'QuickFiler.resources' or one of its dependencies. The system cannot find the file specified.</StdOut>
      </Output>
    </UnitTestResult>
    <UnitTestResult executionId="cc179665-f501-471a-ba61-2e3d2f8fee8d" testId="195b8d66-9b1b-8669-92f4-4dc7360cc892" testName="ConfigureBreadcrumbDropDown_EnvironmentChange_DisposesOutgoingHostBeforeReplacement" computerName="REDACTED-HOST" duration="00:00:01.0339451" startTime="2026-08-28T01:28:49.8397751-04:00" endTime="2026-08-28T01:28:50.9915739-04:00" testType="13cdc9d9-ddb5-4fa4-a97d-d965ccfc6d4b" outcome="Passed" testListId="8c84fa94-04c1-424b-9868-57a2d4851a1d" relativeResultsDirectory="cc179665-f501-471a-ba61-2e3d2f8fee8d">
      <Output>
        <StdOut>Debug Trace:&#xD;
testhost.exe Warning: 0 : SvgRenderer load 'QuickFiler.resources': System.IO.FileNotFoundException: Could not load file or assembly 'QuickFiler.resources' or one of its dependencies. The system cannot find the file specified.&#xD;
testhost.exe Warning: 0 : SvgRenderer load 'QuickFiler.resources': System.IO.FileNotFoundException: Could not load file or assembly 'QuickFiler.resources' or one of its dependencies. The system cannot find the file specified.&#xD;
testhost.exe Warning: 0 : SvgRenderer load 'QuickFiler.resources': System.IO.FileNotFoundException: Could not load file or assembly 'QuickFiler.resources' or one of its dependencies. The system cannot find the file specified.&#xD;
testhost.exe Warning: 0 : SvgRenderer load 'QuickFiler.resources': System.IO.FileNotFoundException: Could not load file or assembly 'QuickFiler.resources' or one of its dependencies. The system cannot find the file specified.&#xD;
testhost.exe Warning: 0 : SvgRenderer load 'QuickFiler.resources': System.IO.FileNotFoundException: Could not load file or assembly 'QuickFiler.resources' or one of its dependencies. The system cannot find the file specified.&#xD;
testhost.exe Warning: 0 : SvgRenderer load 'QuickFiler.resources': System.IO.FileNotFoundException: Could not load file or assembly 'QuickFiler.resources' or one of its dependencies. The system cannot find the file specified.&#xD;
testhost.exe Warning: 0 : SvgRenderer load 'QuickFiler.resources': System.IO.FileNotFoundException: Could not load file or assembly 'QuickFiler.resources' or one of its dependencies. The system cannot find the file specified.&#xD;
testhost.exe Warning: 0 : SvgRenderer load 'QuickFiler.resources': System.IO.FileNotFoundException: Could not load file or assembly 'QuickFiler.resources' or one of its dependencies. The system cannot find the file specified.&#xD;
testhost.exe Warning: 0 : SvgRenderer load 'QuickFiler.resources': System.IO.FileNotFoundException: Could not load file or assembly 'QuickFiler.resources' or one of its dependencies. The system cannot find the file specified.&#xD;
testhost.exe Warning: 0 : SvgRenderer load 'QuickFiler.resources': System.IO.FileNotFoundException: Could not load file or assembly 'QuickFiler.resources' or one of its dependencies. The system cannot find the file specified.</StdOut>
      </Output>
    </UnitTestResult>
    <UnitTestResult executionId="0b377667-007a-4cc0-a2c4-630fa9441150" testId="1ac468ad-fbe7-8d51-aed2-d067d03c1f1b" testName="ConfigureBreadcrumbDropDown_RepeatedSameEnvironmentReusesPopupHost" computerName="REDACTED-HOST" duration="00:00:01.0356276" startTime="2026-08-28T01:28:49.8377793-04:00" endTime="2026-08-28T01:28:50.9915739-04:00" testType="13cdc9d9-ddb5-4fa4-a97d-d965ccfc6d4b" outcome="Passed" testListId="8c84fa94-04c1-424b-9868-57a2d4851a1d" relativeResultsDirectory="0b377667-007a-4cc0-a2c4-630fa9441150">
      <Output>
        <StdOut>Warning:&#xD;
     The component "Fluent Assertions" is governed by the rules defined in the Xceed License Agreement and&#xD;
     the Xceed Fluent Assertions Community License. You may use Fluent Assertions free of charge for&#xD;
     non-commercial use only. An active subscription is required to use Fluent Assertions for commercial use.&#xD;
&#xD;
     Please contact Xceed Sales mailto:sales@xceed.com to acquire a subscription at a very low cost.&#xD;
&#xD;
     A paid commercial license supports the development and continued increasing support of&#xD;
     Fluent Assertions users under both commercial and community licenses. Help us&#xD;
     keep Fluent Assertions at the forefront of unit testing.&#xD;
&#xD;
     For more information, visit https://xceed.com/products/unit-testing/fluent-assertions/&#xD;
&#xD;
&#xD;
&#xD;
Debug Trace:&#xD;
testhost.exe Warning: 0 : SvgRenderer load 'QuickFiler.resources': System.IO.FileNotFoundException: Could not load file or assembly 'QuickFiler.resources' or one of its dependencies. The system cannot find the file specified.&#xD;
testhost.exe Warning: 0 : SvgRenderer load 'QuickFiler.resources': System.IO.FileNotFoundException: Could not load file or assembly 'QuickFiler.resources' or one of its dependencies. The system cannot find the file specified.&#xD;
testhost.exe Warning: 0 : SvgRenderer load 'QuickFiler.resources': System.IO.FileNotFoundException: Could not load file or assembly 'QuickFiler.resources' or one of its dependencies. The system cannot find the file specified.&#xD;
testhost.exe Warning: 0 : SvgRenderer load 'QuickFiler.resources': System.IO.FileNotFoundException: Could not load file or assembly 'QuickFiler.resources' or one of its dependencies. The system cannot find the file specified.&#xD;
testhost.exe Warning: 0 : SvgRenderer load 'QuickFiler.resources': System.IO.FileNotFoundException: Could not load file or assembly 'QuickFiler.resources' or one of its dependencies. The system cannot find the file specified.&#xD;
testhost.exe Warning: 0 : SvgRenderer load 'QuickFiler.resources': System.IO.FileNotFoundException: Could not load file or assembly 'QuickFiler.resources' or one of its dependencies. The system cannot find the file specified.&#xD;
testhost.exe Warning: 0 : SvgRenderer load 'QuickFiler.resources': System.IO.FileNotFoundException: Could not load file or assembly 'QuickFiler.resources' or one of its dependencies. The system cannot find the file specified.&#xD;
testhost.exe Warning: 0 : SvgRenderer load 'QuickFiler.resources': System.IO.FileNotFoundException: Could not load file or assembly 'QuickFiler.resources' or one of its dependencies. The system cannot find the file specified.&#xD;
     Warning:&#xD;
     The component "Fluent Assertions" is governed by the rules defined in the Xceed License Agreement and&#xD;
     the Xceed Fluent Assertions Community License. You may use Fluent Assertions free of charge for&#xD;
     non-commercial use only. An active subscription is required to use Fluent Assertions for commercial use.&#xD;
&#xD;
     Please contact Xceed Sales mailto:sales@xceed.com to acquire a subscription at a very low cost.&#xD;
&#xD;
     A paid commercial license supports the development and continued increasing support of&#xD;
     Fluent Assertions users under both commercial and community licenses. Help us&#xD;
     keep Fluent Assertions at the forefront of unit testing.&#xD;
&#xD;
     For more information, visit https://xceed.com/products/unit-testing/fluent-assertions/</StdOut>
      </Output>
    </UnitTestResult>
  </Results>
  <TestDefinitions>
    <UnitTest name="ItemViewerDisposal_OwnsHostAndDetachesBothSurfaces" storage="c:\users\danmoisan\repos\taskmaster\.claude\worktrees\agent-a7a6ceda02fcdfc2d\quickfiler.test\bin\debug\quickfiler.test.dll" id="1051f970-ac66-8412-b68c-aadac9d499b6">
      <Execution id="fdd5d4b0-6578-4b7d-9b6f-c18c7b04e0f6" />
      <TestMethod codeBase="<worktree-root>\QuickFiler.Test\bin\Debug\QuickFiler.Test.dll" adapterTypeName="executor://mstestadapter/v4" className="QuickFiler.Test.Viewers.BreadcrumbDropDownIntegrationTests" name="ItemViewerDisposal_OwnsHostAndDetachesBothSurfaces" />
    </UnitTest>
    <UnitTest name="ConfigureBreadcrumbDropDown_RepeatedSameEnvironmentReusesPopupHost" storage="c:\users\danmoisan\repos\taskmaster\.claude\worktrees\agent-a7a6ceda02fcdfc2d\quickfiler.test\bin\debug\quickfiler.test.dll" id="1ac468ad-fbe7-8d51-aed2-d067d03c1f1b">
      <Execution id="0b377667-007a-4cc0-a2c4-630fa9441150" />
      <TestMethod codeBase="<worktree-root>\QuickFiler.Test\bin\Debug\QuickFiler.Test.dll" adapterTypeName="executor://mstestadapter/v4" className="QuickFiler.Controllers.Tests.QfcItemControllerBreadcrumbDropDownTests" name="ConfigureBreadcrumbDropDown_RepeatedSameEnvironmentReusesPopupHost" />
    </UnitTest>
    <UnitTest name="ConfigureBreadcrumbDropDown_EnvironmentChange_DisposesOutgoingHostBeforeReplacement" storage="c:\users\danmoisan\repos\taskmaster\.claude\worktrees\agent-a7a6ceda02fcdfc2d\quickfiler.test\bin\debug\quickfiler.test.dll" id="195b8d66-9b1b-8669-92f4-4dc7360cc892">
      <Execution id="cc179665-f501-471a-ba61-2e3d2f8fee8d" />
      <TestMethod codeBase="<worktree-root>\QuickFiler.Test\bin\Debug\QuickFiler.Test.dll" adapterTypeName="executor://mstestadapter/v4" className="QuickFiler.Test.Viewers.ItemViewerBreadcrumbLifecycleRegressionTests" name="ConfigureBreadcrumbDropDown_EnvironmentChange_DisposesOutgoingHostBeforeReplacement" />
    </UnitTest>
  </TestDefinitions>
  <TestEntries>
    <TestEntry testId="1051f970-ac66-8412-b68c-aadac9d499b6" executionId="fdd5d4b0-6578-4b7d-9b6f-c18c7b04e0f6" testListId="8c84fa94-04c1-424b-9868-57a2d4851a1d" />
    <TestEntry testId="195b8d66-9b1b-8669-92f4-4dc7360cc892" executionId="cc179665-f501-471a-ba61-2e3d2f8fee8d" testListId="8c84fa94-04c1-424b-9868-57a2d4851a1d" />
    <TestEntry testId="1ac468ad-fbe7-8d51-aed2-d067d03c1f1b" executionId="0b377667-007a-4cc0-a2c4-630fa9441150" testListId="8c84fa94-04c1-424b-9868-57a2d4851a1d" />
  </TestEntries>
  <TestLists>
    <TestList name="Results Not in a List" id="8c84fa94-04c1-424b-9868-57a2d4851a1d" />
    <TestList name="All Loaded Results" id="19431567-8539-422a-85d7-44ee4e166bda" />
  </TestLists>
  <ResultSummary outcome="Completed">
    <Counters total="3" executed="3" passed="3" failed="0" error="0" timeout="0" aborted="0" inconclusive="0" passedButRunAborted="0" notRunnable="0" notExecuted="0" disconnected="0" warning="0" completed="0" inProgress="0" pending="0" />
    <Output>
      <StdOut>Test Parallelization enabled for <worktree-root>\QuickFiler.Test\bin\Debug\QuickFiler.Test.dll (Workers: 24, Scope: ClassLevel)&#xD;
</StdOut>
    </Output>
  </ResultSummary>
</TestRun>