<?xml version="1.0" encoding="utf-8"?>
<TestRun id="a2d98391-016d-4d3b-ad9c-2ed6d19ee401" name="REDACTED-USER@REDACTED-HOST 2026-08-26 09:50:19" runUser="REDACTED-HOST\REDACTED-USER" xmlns="http://microsoft.com/schemas/VisualStudio/TeamTest/2010">
  <Times creation="2026-08-26T09:50:19.1698256-04:00" queuing="2026-08-26T09:50:19.1698256-04:00" start="2026-08-26T09:50:17.8757738-04:00" finish="2026-08-26T09:50:19.1849056-04:00" />
  <TestSettings name="default" id="23e9a6de-61ad-4fc5-b51e-ae2286a070d7">
    <Deployment runDeploymentRoot="REDACTED-USER_REDACTED-HOST_2026-08-26_09_50_19" />
  </TestSettings>
  <Results>
    <UnitTestResult executionId="1a0661ce-4f5e-479d-a5be-c83f076f8565" testId="18440653-02cc-8822-a407-a065f5520f2b" testName="DequeueAsync_DeadlineExpiresWithZeroAccepted_ReportsDeadlineExpiredStop" computerName="REDACTED-HOST" duration="00:00:00.1802325" startTime="2026-08-26T09:50:18.8104865-04:00" endTime="2026-08-26T09:50:19.0988080-04:00" testType="13cdc9d9-ddb5-4fa4-a97d-d965ccfc6d4b" outcome="Passed" testListId="8c84fa94-04c1-424b-9868-57a2d4851a1d" relativeResultsDirectory="1a0661ce-4f5e-479d-a5be-c83f076f8565">
      <Output>
        <StdOut>Warning:&#xD;
     The component "Fluent Assertions" is governed by the rules defined in the Xceed License Agreement and&#xD;
     the Xceed Fluent Assertions Community License. You may use Fluent Assertions free of charge for&#xD;
     non-commercial use only. An active subscription is required to use Fluent Assertions for commercial use.&#xD;
&#xD;
     Please contact Xceed Sales mailto:sales@xceed.com to acquire a subscription at a very low cost.&#xD;
&#xD;
     A paid commercial license supports the development and continued increasing support of&#xD;
     Fluent Assertions users under both commercial and community licenses. Help us&#xD;
     keep Fluent Assertions at the forefront of unit testing.&#xD;
&#xD;
     For more information, visit https://xceed.com/products/unit-testing/fluent-assertions/&#xD;
&#xD;
&#xD;
&#xD;
Debug Trace:&#xD;
     Warning:&#xD;
     The component "Fluent Assertions" is governed by the rules defined in the Xceed License Agreement and&#xD;
     the Xceed Fluent Assertions Community License. You may use Fluent Assertions free of charge for&#xD;
     non-commercial use only. An active subscription is required to use Fluent Assertions for commercial use.&#xD;
&#xD;
     Please contact Xceed Sales mailto:sales@xceed.com to acquire a subscription at a very low cost.&#xD;
&#xD;
     A paid commercial license supports the development and continued increasing support of&#xD;
     Fluent Assertions users under both commercial and community licenses. Help us&#xD;
     keep Fluent Assertions at the forefront of unit testing.&#xD;
&#xD;
     For more information, visit https://xceed.com/products/unit-testing/fluent-assertions/</StdOut>
      </Output>
    </UnitTestResult>
    <UnitTestResult executionId="557beda2-6405-4396-8449-97fc5f0e6dc4" testId="10dc18de-c804-8081-ac59-08ac3f1b6c8b" testName="DequeueAsync_SourceDrained_ReportsSourceExhaustedStop" computerName="REDACTED-HOST" duration="00:00:00.0005880" startTime="2026-08-26T09:50:19.1043259-04:00" endTime="2026-08-26T09:50:19.1098595-04:00" testType="13cdc9d9-ddb5-4fa4-a97d-d965ccfc6d4b" outcome="Passed" testListId="8c84fa94-04c1-424b-9868-57a2d4851a1d" relativeResultsDirectory="557beda2-6405-4396-8449-97fc5f0e6dc4" />
  </Results>
  <TestDefinitions>
    <UnitTest name="DequeueAsync_DeadlineExpiresWithZeroAccepted_ReportsDeadlineExpiredStop" storage="REDACTED-REPO-ROOT\quickfiler.test\bin\debug\quickfiler.test.dll" id="18440653-02cc-8822-a407-a065f5520f2b">
      <Execution id="1a0661ce-4f5e-479d-a5be-c83f076f8565" />
      <TestMethod codeBase="REDACTED-REPO-ROOT\QuickFiler.Test\bin\Debug\QuickFiler.Test.dll" adapterTypeName="executor://mstestadapter/v4" className="QuickFiler.Controllers.Tests.QfcStreamingDequeueConfidenceGateTests" name="DequeueAsync_DeadlineExpiresWithZeroAccepted_ReportsDeadlineExpiredStop" />
    </UnitTest>
    <UnitTest name="DequeueAsync_SourceDrained_ReportsSourceExhaustedStop" storage="REDACTED-REPO-ROOT\quickfiler.test\bin\debug\quickfiler.test.dll" id="10dc18de-c804-8081-ac59-08ac3f1b6c8b">
      <Execution id="557beda2-6405-4396-8449-97fc5f0e6dc4" />
      <TestMethod codeBase="REDACTED-REPO-ROOT\QuickFiler.Test\bin\Debug\QuickFiler.Test.dll" adapterTypeName="executor://mstestadapter/v4" className="QuickFiler.Controllers.Tests.QfcStreamingDequeueConfidenceGateTests" name="DequeueAsync_SourceDrained_ReportsSourceExhaustedStop" />
    </UnitTest>
  </TestDefinitions>
  <TestEntries>
    <TestEntry testId="18440653-02cc-8822-a407-a065f5520f2b" executionId="1a0661ce-4f5e-479d-a5be-c83f076f8565" testListId="8c84fa94-04c1-424b-9868-57a2d4851a1d" />
    <TestEntry testId="10dc18de-c804-8081-ac59-08ac3f1b6c8b" executionId="557beda2-6405-4396-8449-97fc5f0e6dc4" testListId="8c84fa94-04c1-424b-9868-57a2d4851a1d" />
  </TestEntries>
  <TestLists>
    <TestList name="Results Not in a List" id="8c84fa94-04c1-424b-9868-57a2d4851a1d" />
    <TestList name="All Loaded Results" id="19431567-8539-422a-85d7-44ee4e166bda" />
  </TestLists>
  <ResultSummary outcome="Completed">
    <Counters total="2" executed="2" passed="2" failed="0" error="0" timeout="0" aborted="0" inconclusive="0" passedButRunAborted="0" notRunnable="0" notExecuted="0" disconnected="0" warning="0" completed="0" inProgress="0" pending="0" />
    <Output>
      <StdOut>Test Parallelization enabled for REDACTED-REPO-ROOT\QuickFiler.Test\bin\Debug\QuickFiler.Test.dll (Workers: 24, Scope: ClassLevel)&#xD;
</StdOut>
    </Output>
  </ResultSummary>
</TestRun>