<?xml version="1.0" encoding="UTF-8" standalone="no"?>
<!DOCTYPE report PUBLIC "-//JACOCO//DTD Report 1.1//EN" "report.dtd"[]>
<report name="Pester (08/13/2026 16:15:31)">
  <sessioninfo id="this" start="1786637643434" dump="1786637731111" />
  <package name="vscode">
    <class name="vscode/Invoke-MSTestWithCoverage.Helpers" sourcefilename="Invoke-MSTestWithCoverage.Helpers.ps1">
      <method name="&lt;script&gt;" desc="()" line="1">
        <counter type="INSTRUCTION" missed="0" covered="3" />
        <counter type="LINE" missed="0" covered="2" />
        <counter type="METHOD" missed="0" covered="1" />
      </method>
      <method name="Get-KoverageProjectAllowlist" desc="()" line="9">
        <counter type="INSTRUCTION" missed="0" covered="16" />
        <counter type="LINE" missed="0" covered="14" />
        <counter type="METHOD" missed="0" covered="1" />
      </method>
      <method name="ConvertTo-KoverageRelativePath" desc="()" line="65">
        <counter type="INSTRUCTION" missed="1" covered="18" />
        <counter type="LINE" missed="1" covered="17" />
        <counter type="METHOD" missed="0" covered="1" />
      </method>
      <method name="Get-CoberturaCoverageSummary" desc="()" line="107">
        <counter type="INSTRUCTION" missed="0" covered="28" />
        <counter type="LINE" missed="0" covered="22" />
        <counter type="METHOD" missed="0" covered="1" />
      </method>
      <method name="Get-CoberturaLineConditionCoverageParts" desc="()" line="149">
        <counter type="INSTRUCTION" missed="0" covered="7" />
        <counter type="LINE" missed="0" covered="7" />
        <counter type="METHOD" missed="0" covered="1" />
      </method>
      <method name="Get-CoberturaClassLineSummary" desc="()" line="194">
        <counter type="INSTRUCTION" missed="1" covered="40" />
        <counter type="LINE" missed="1" covered="39" />
        <counter type="METHOD" missed="0" covered="1" />
      </method>
      <method name="Merge-CoberturaClassesByFilename" desc="()" line="269">
        <counter type="INSTRUCTION" missed="20" covered="67" />
        <counter type="LINE" missed="16" covered="51" />
        <counter type="METHOD" missed="0" covered="1" />
      </method>
      <method name="ConvertTo-KoverageCoberturaXml" desc="()" line="404">
        <counter type="INSTRUCTION" missed="1" covered="37" />
        <counter type="LINE" missed="1" covered="33" />
        <counter type="METHOD" missed="0" covered="1" />
      </method>
      <method name="Assert-CoberturaLineCoverageThreshold" desc="()" line="466">
        <counter type="INSTRUCTION" missed="2" covered="14" />
        <counter type="LINE" missed="1" covered="13" />
        <counter type="METHOD" missed="0" covered="1" />
      </method>
      <counter type="INSTRUCTION" missed="25" covered="230" />
      <counter type="LINE" missed="20" covered="198" />
      <counter type="METHOD" missed="0" covered="9" />
      <counter type="CLASS" missed="0" covered="1" />
    </class>
    <class name="vscode/Invoke-MSTestWithCoverage" sourcefilename="Invoke-MSTestWithCoverage.ps1">
      <method name="Resolve-RunSettingsPath" desc="()" line="33">
        <counter type="INSTRUCTION" missed="0" covered="5" />
        <counter type="LINE" missed="0" covered="4" />
        <counter type="METHOD" missed="0" covered="1" />
      </method>
      <method name="Get-DotnetCoverageArgumentList" desc="()" line="70">
        <counter type="INSTRUCTION" missed="0" covered="4" />
        <counter type="LINE" missed="0" covered="3" />
        <counter type="METHOD" missed="0" covered="1" />
      </method>
      <method name="ConvertTo-DerivedCoverageSettingsXml" desc="()" line="93">
        <counter type="INSTRUCTION" missed="0" covered="16" />
        <counter type="LINE" missed="0" covered="15" />
        <counter type="METHOD" missed="0" covered="1" />
      </method>
      <method name="Get-DerivedCoverageSettingsPath" desc="()" line="128">
        <counter type="INSTRUCTION" missed="1" covered="5" />
        <counter type="LINE" missed="1" covered="5" />
        <counter type="METHOD" missed="0" covered="1" />
      </method>
      <method name="Invoke-DotnetCoverageExe" desc="()" line="153">
        <counter type="INSTRUCTION" missed="1" covered="0" />
        <counter type="LINE" missed="1" covered="0" />
        <counter type="METHOD" missed="1" covered="0" />
      </method>
      <method name="Invoke-VsWhereExe" desc="()" line="169">
        <counter type="INSTRUCTION" missed="1" covered="0" />
        <counter type="LINE" missed="1" covered="0" />
        <counter type="METHOD" missed="1" covered="0" />
      </method>
      <method name="Invoke-DotnetCoverageCollection" desc="()" line="198">
        <counter type="INSTRUCTION" missed="1" covered="21" />
        <counter type="LINE" missed="1" covered="21" />
        <counter type="METHOD" missed="0" covered="1" />
      </method>
      <method name="&lt;script&gt;" desc="()" line="245">
        <counter type="INSTRUCTION" missed="1" covered="3" />
        <counter type="LINE" missed="1" covered="3" />
        <counter type="METHOD" missed="0" covered="1" />
      </method>
      <method name="Invoke-MSTestWithCoverageMain" desc="()" line="261">
        <counter type="INSTRUCTION" missed="6" covered="46" />
        <counter type="LINE" missed="5" covered="37" />
        <counter type="METHOD" missed="0" covered="1" />
      </method>
      <counter type="INSTRUCTION" missed="11" covered="100" />
      <counter type="LINE" missed="10" covered="88" />
      <counter type="METHOD" missed="2" covered="7" />
      <counter type="CLASS" missed="0" covered="1" />
    </class>
    <sourcefile name="Invoke-MSTestWithCoverage.Helpers.ps1">
      <line nr="1" mi="0" ci="1" mb="0" cb="0" />
      <line nr="2" mi="0" ci="2" mb="0" cb="0" />
      <line nr="9" mi="0" ci="2" mb="0" cb="0" />
      <line nr="12" mi="0" ci="1" mb="0" cb="0" />
      <line nr="13" mi="0" ci="1" mb="0" cb="0" />
      <line nr="14" mi="0" ci="1" mb="0" cb="0" />
      <line nr="19" mi="0" ci="1" mb="0" cb="0" />
      <line nr="25" mi="0" ci="1" mb="0" cb="0" />
      <line nr="26" mi="0" ci="1" mb="0" cb="0" />
      <line nr="27" mi="0" ci="1" mb="0" cb="0" />
      <line nr="33" mi="0" ci="1" mb="0" cb="0" />
      <line nr="34" mi="0" ci="1" mb="0" cb="0" />
      <line nr="37" mi="0" ci="1" mb="0" cb="0" />
      <line nr="40" mi="0" ci="1" mb="0" cb="0" />
      <line nr="44" mi="0" ci="1" mb="0" cb="0" />
      <line nr="47" mi="0" ci="2" mb="0" cb="0" />
      <line nr="65" mi="0" ci="1" mb="0" cb="0" />
      <line nr="66" mi="0" ci="1" mb="0" cb="0" />
      <line nr="67" mi="0" ci="1" mb="0" cb="0" />
      <line nr="68" mi="0" ci="1" mb="0" cb="0" />
      <line nr="70" mi="0" ci="1" mb="0" cb="0" />
      <line nr="71" mi="0" ci="1" mb="0" cb="0" />
      <line nr="74" mi="0" ci="1" mb="0" cb="0" />
      <line nr="75" mi="0" ci="2" mb="0" cb="0" />
      <line nr="78" mi="0" ci="1" mb="0" cb="0" />
      <line nr="80" mi="0" ci="1" mb="0" cb="0" />
      <line nr="81" mi="0" ci="1" mb="0" cb="0" />
      <line nr="82" mi="0" ci="1" mb="0" cb="0" />
      <line nr="85" mi="0" ci="1" mb="0" cb="0" />
      <line nr="86" mi="0" ci="1" mb="0" cb="0" />
      <line nr="87" mi="0" ci="1" mb="0" cb="0" />
      <line nr="92" mi="0" ci="1" mb="0" cb="0" />
      <line nr="93" mi="0" ci="1" mb="0" cb="0" />
      <line nr="96" mi="1" ci="0" mb="0" cb="0" />
      <line nr="107" mi="0" ci="1" mb="0" cb="0" />
      <line nr="108" mi="0" ci="1" mb="0" cb="0" />
      <line nr="109" mi="0" ci="1" mb="0" cb="0" />
      <line nr="110" mi="0" ci="1" mb="0" cb="0" />
      <line nr="112" mi="0" ci="1" mb="0" cb="0" />
      <line nr="113" mi="0" ci="1" mb="0" cb="0" />
      <line nr="114" mi="0" ci="1" mb="0" cb="0" />
      <line nr="117" mi="0" ci="1" mb="0" cb="0" />
      <line nr="118" mi="0" ci="1" mb="0" cb="0" />
      <line nr="122" mi="0" ci="1" mb="0" cb="0" />
      <line nr="123" mi="0" ci="1" mb="0" cb="0" />
      <line nr="124" mi="0" ci="1" mb="0" cb="0" />
      <line nr="125" mi="0" ci="1" mb="0" cb="0" />
      <line nr="126" mi="0" ci="1" mb="0" cb="0" />
      <line nr="127" mi="0" ci="1" mb="0" cb="0" />
      <line nr="131" mi="0" ci="1" mb="0" cb="0" />
      <line nr="132" mi="0" ci="4" mb="0" cb="0" />
      <line nr="133" mi="0" ci="4" mb="0" cb="0" />
      <line nr="134" mi="0" ci="1" mb="0" cb="0" />
      <line nr="135" mi="0" ci="1" mb="0" cb="0" />
      <line nr="136" mi="0" ci="1" mb="0" cb="0" />
      <line nr="137" mi="0" ci="1" mb="0" cb="0" />
      <line nr="149" mi="0" ci="1" mb="0" cb="0" />
      <line nr="150" mi="0" ci="1" mb="0" cb="0" />
      <line nr="151" mi="0" ci="1" mb="0" cb="0" />
      <line nr="152" mi="0" ci="1" mb="0" cb="0" />
      <line nr="156" mi="0" ci="1" mb="0" cb="0" />
      <line nr="157" mi="0" ci="1" mb="0" cb="0" />
      <line nr="158" mi="0" ci="1" mb="0" cb="0" />
      <line nr="194" mi="0" ci="1" mb="0" cb="0" />
      <line nr="197" mi="0" ci="2" mb="0" cb="0" />
      <line nr="198" mi="0" ci="1" mb="0" cb="0" />
      <line nr="200" mi="0" ci="1" mb="0" cb="0" />
      <line nr="201" mi="0" ci="1" mb="0" cb="0" />
      <line nr="204" mi="0" ci="1" mb="0" cb="0" />
      <line nr="205" mi="0" ci="1" mb="0" cb="0" />
      <line nr="206" mi="0" ci="1" mb="0" cb="0" />
      <line nr="208" mi="0" ci="1" mb="0" cb="0" />
      <line nr="209" mi="0" ci="1" mb="0" cb="0" />
      <line nr="210" mi="0" ci="1" mb="0" cb="0" />
      <line nr="211" mi="0" ci="1" mb="0" cb="0" />
      <line nr="212" mi="0" ci="1" mb="0" cb="0" />
      <line nr="213" mi="0" ci="1" mb="0" cb="0" />
      <line nr="214" mi="0" ci="1" mb="0" cb="0" />
      <line nr="219" mi="0" ci="1" mb="0" cb="0" />
      <line nr="220" mi="0" ci="1" mb="0" cb="0" />
      <line nr="221" mi="1" ci="0" mb="0" cb="0" />
      <line nr="224" mi="0" ci="1" mb="0" cb="0" />
      <line nr="225" mi="0" ci="1" mb="0" cb="0" />
      <line nr="229" mi="0" ci="1" mb="0" cb="0" />
      <line nr="230" mi="0" ci="1" mb="0" cb="0" />
      <line nr="232" mi="0" ci="1" mb="0" cb="0" />
      <line nr="233" mi="0" ci="1" mb="0" cb="0" />
      <line nr="234" mi="0" ci="1" mb="0" cb="0" />
      <line nr="238" mi="0" ci="1" mb="0" cb="0" />
      <line nr="239" mi="0" ci="1" mb="0" cb="0" />
      <line nr="240" mi="0" ci="1" mb="0" cb="0" />
      <line nr="242" mi="0" ci="1" mb="0" cb="0" />
      <line nr="243" mi="0" ci="1" mb="0" cb="0" />
      <line nr="244" mi="0" ci="1" mb="0" cb="0" />
      <line nr="247" mi="0" ci="1" mb="0" cb="0" />
      <line nr="248" mi="0" ci="1" mb="0" cb="0" />
      <line nr="249" mi="0" ci="1" mb="0" cb="0" />
      <line nr="253" mi="0" ci="1" mb="0" cb="0" />
      <line nr="254" mi="0" ci="1" mb="0" cb="0" />
      <line nr="255" mi="0" ci="1" mb="0" cb="0" />
      <line nr="256" mi="0" ci="1" mb="0" cb="0" />
      <line nr="257" mi="0" ci="1" mb="0" cb="0" />
      <line nr="258" mi="0" ci="1" mb="0" cb="0" />
      <line nr="269" mi="0" ci="1" mb="0" cb="0" />
      <line nr="270" mi="0" ci="1" mb="0" cb="0" />
      <line nr="271" mi="0" ci="1" mb="0" cb="0" />
      <line nr="275" mi="0" ci="1" mb="0" cb="0" />
      <line nr="276" mi="0" ci="2" mb="0" cb="0" />
      <line nr="277" mi="0" ci="1" mb="0" cb="0" />
      <line nr="278" mi="0" ci="1" mb="0" cb="0" />
      <line nr="281" mi="0" ci="1" mb="0" cb="0" />
      <line nr="284" mi="0" ci="1" mb="0" cb="0" />
      <line nr="285" mi="0" ci="2" mb="0" cb="0" />
      <line nr="286" mi="0" ci="1" mb="0" cb="0" />
      <line nr="290" mi="0" ci="4" mb="0" cb="0" />
      <line nr="291" mi="0" ci="1" mb="0" cb="0" />
      <line nr="292" mi="1" ci="0" mb="0" cb="0" />
      <line nr="295" mi="0" ci="1" mb="0" cb="0" />
      <line nr="297" mi="0" ci="1" mb="0" cb="0" />
      <line nr="298" mi="0" ci="1" mb="0" cb="0" />
      <line nr="299" mi="1" ci="0" mb="0" cb="0" />
      <line nr="300" mi="1" ci="0" mb="0" cb="0" />
      <line nr="303" mi="0" ci="1" mb="0" cb="0" />
      <line nr="304" mi="0" ci="1" mb="0" cb="0" />
      <line nr="305" mi="0" ci="1" mb="0" cb="0" />
      <line nr="308" mi="1" ci="0" mb="0" cb="0" />
      <line nr="309" mi="1" ci="0" mb="0" cb="0" />
      <line nr="312" mi="0" ci="1" mb="0" cb="0" />
      <line nr="313" mi="0" ci="1" mb="0" cb="0" />
      <line nr="314" mi="0" ci="2" mb="0" cb="0" />
      <line nr="315" mi="0" ci="1" mb="0" cb="0" />
      <line nr="316" mi="0" ci="1" mb="0" cb="0" />
      <line nr="318" mi="0" ci="1" mb="0" cb="0" />
      <line nr="319" mi="0" ci="1" mb="0" cb="0" />
      <line nr="320" mi="0" ci="1" mb="0" cb="0" />
      <line nr="321" mi="0" ci="1" mb="0" cb="0" />
      <line nr="322" mi="0" ci="1" mb="0" cb="0" />
      <line nr="327" mi="0" ci="1" mb="0" cb="0" />
      <line nr="328" mi="0" ci="1" mb="0" cb="0" />
      <line nr="329" mi="0" ci="2" mb="0" cb="0" />
      <line nr="331" mi="0" ci="1" mb="0" cb="0" />
      <line nr="332" mi="1" ci="0" mb="0" cb="0" />
      <line nr="336" mi="0" ci="1" mb="0" cb="0" />
      <line nr="337" mi="0" ci="1" mb="0" cb="0" />
      <line nr="339" mi="1" ci="0" mb="0" cb="0" />
      <line nr="340" mi="1" ci="0" mb="0" cb="0" />
      <line nr="342" mi="1" ci="0" mb="0" cb="0" />
      <line nr="343" mi="1" ci="0" mb="0" cb="0" />
      <line nr="345" mi="1" ci="0" mb="0" cb="0" />
      <line nr="346" mi="1" ci="0" mb="0" cb="0" />
      <line nr="349" mi="2" ci="0" mb="0" cb="0" />
      <line nr="350" mi="1" ci="0" mb="0" cb="0" />
      <line nr="353" mi="2" ci="0" mb="0" cb="0" />
      <line nr="354" mi="1" ci="0" mb="0" cb="0" />
      <line nr="360" mi="0" ci="2" mb="0" cb="0" />
      <line nr="361" mi="0" ci="1" mb="0" cb="0" />
      <line nr="362" mi="0" ci="1" mb="0" cb="0" />
      <line nr="365" mi="0" ci="1" mb="0" cb="0" />
      <line nr="371" mi="1" ci="3" mb="0" cb="0" />
      <line nr="372" mi="0" ci="4" mb="0" cb="0" />
      <line nr="374" mi="0" ci="1" mb="0" cb="0" />
      <line nr="375" mi="0" ci="1" mb="0" cb="0" />
      <line nr="376" mi="0" ci="1" mb="0" cb="0" />
      <line nr="377" mi="0" ci="3" mb="0" cb="0" />
      <line nr="378" mi="1" ci="2" mb="0" cb="0" />
      <line nr="379" mi="0" ci="1" mb="0" cb="0" />
      <line nr="382" mi="0" ci="1" mb="0" cb="0" />
      <line nr="384" mi="0" ci="1" mb="0" cb="0" />
      <line nr="385" mi="0" ci="1" mb="0" cb="0" />
      <line nr="386" mi="0" ci="1" mb="0" cb="0" />
      <line nr="404" mi="0" ci="1" mb="0" cb="0" />
      <line nr="411" mi="0" ci="1" mb="0" cb="0" />
      <line nr="412" mi="0" ci="1" mb="0" cb="0" />
      <line nr="413" mi="0" ci="1" mb="0" cb="0" />
      <line nr="414" mi="1" ci="0" mb="0" cb="0" />
      <line nr="417" mi="0" ci="2" mb="0" cb="0" />
      <line nr="418" mi="0" ci="1" mb="0" cb="0" />
      <line nr="419" mi="0" ci="2" mb="0" cb="0" />
      <line nr="423" mi="0" ci="1" mb="0" cb="0" />
      <line nr="424" mi="0" ci="1" mb="0" cb="0" />
      <line nr="427" mi="0" ci="1" mb="0" cb="0" />
      <line nr="428" mi="0" ci="1" mb="0" cb="0" />
      <line nr="430" mi="0" ci="1" mb="0" cb="0" />
      <line nr="431" mi="0" ci="1" mb="0" cb="0" />
      <line nr="432" mi="0" ci="1" mb="0" cb="0" />
      <line nr="433" mi="0" ci="1" mb="0" cb="0" />
      <line nr="434" mi="0" ci="2" mb="0" cb="0" />
      <line nr="436" mi="0" ci="1" mb="0" cb="0" />
      <line nr="437" mi="0" ci="1" mb="0" cb="0" />
      <line nr="438" mi="0" ci="2" mb="0" cb="0" />
      <line nr="441" mi="0" ci="1" mb="0" cb="0" />
      <line nr="442" mi="0" ci="1" mb="0" cb="0" />
      <line nr="443" mi="0" ci="1" mb="0" cb="0" />
      <line nr="444" mi="0" ci="1" mb="0" cb="0" />
      <line nr="445" mi="0" ci="1" mb="0" cb="0" />
      <line nr="446" mi="0" ci="1" mb="0" cb="0" />
      <line nr="447" mi="0" ci="1" mb="0" cb="0" />
      <line nr="449" mi="0" ci="1" mb="0" cb="0" />
      <line nr="450" mi="0" ci="1" mb="0" cb="0" />
      <line nr="451" mi="0" ci="1" mb="0" cb="0" />
      <line nr="452" mi="0" ci="1" mb="0" cb="0" />
      <line nr="453" mi="0" ci="1" mb="0" cb="0" />
      <line nr="454" mi="0" ci="1" mb="0" cb="0" />
      <line nr="456" mi="0" ci="1" mb="0" cb="0" />
      <line nr="466" mi="0" ci="1" mb="0" cb="0" />
      <line nr="467" mi="0" ci="1" mb="0" cb="0" />
      <line nr="468" mi="1" ci="2" mb="0" cb="0" />
      <line nr="469" mi="0" ci="1" mb="0" cb="0" />
      <line nr="470" mi="0" ci="1" mb="0" cb="0" />
      <line nr="473" mi="0" ci="1" mb="0" cb="0" />
      <line nr="474" mi="0" ci="1" mb="0" cb="0" />
      <line nr="479" mi="0" ci="1" mb="0" cb="0" />
      <line nr="482" mi="0" ci="1" mb="0" cb="0" />
      <line nr="483" mi="1" ci="0" mb="0" cb="0" />
      <line nr="486" mi="0" ci="1" mb="0" cb="0" />
      <line nr="487" mi="0" ci="1" mb="0" cb="0" />
      <line nr="488" mi="0" ci="1" mb="0" cb="0" />
      <line nr="489" mi="0" ci="1" mb="0" cb="0" />
      <counter type="INSTRUCTION" missed="25" covered="230" />
      <counter type="LINE" missed="20" covered="198" />
      <counter type="METHOD" missed="0" covered="9" />
      <counter type="CLASS" missed="0" covered="1" />
    </sourcefile>
    <sourcefile name="Invoke-MSTestWithCoverage.ps1">
      <line nr="33" mi="0" ci="1" mb="0" cb="0" />
      <line nr="34" mi="0" ci="2" mb="0" cb="0" />
      <line nr="35" mi="0" ci="1" mb="0" cb="0" />
      <line nr="38" mi="0" ci="1" mb="0" cb="0" />
      <line nr="70" mi="0" ci="1" mb="0" cb="0" />
      <line nr="71" mi="0" ci="1" mb="0" cb="0" />
      <line nr="76" mi="0" ci="2" mb="0" cb="0" />
      <line nr="93" mi="0" ci="1" mb="0" cb="0" />
      <line nr="94" mi="0" ci="1" mb="0" cb="0" />
      <line nr="95" mi="0" ci="1" mb="0" cb="0" />
      <line nr="96" mi="0" ci="1" mb="0" cb="0" />
      <line nr="99" mi="0" ci="1" mb="0" cb="0" />
      <line nr="100" mi="0" ci="1" mb="0" cb="0" />
      <line nr="101" mi="0" ci="1" mb="0" cb="0" />
      <line nr="102" mi="0" ci="2" mb="0" cb="0" />
      <line nr="105" mi="0" ci="1" mb="0" cb="0" />
      <line nr="106" mi="0" ci="1" mb="0" cb="0" />
      <line nr="109" mi="0" ci="1" mb="0" cb="0" />
      <line nr="110" mi="0" ci="1" mb="0" cb="0" />
      <line nr="111" mi="0" ci="1" mb="0" cb="0" />
      <line nr="112" mi="0" ci="1" mb="0" cb="0" />
      <line nr="115" mi="0" ci="1" mb="0" cb="0" />
      <line nr="128" mi="0" ci="1" mb="0" cb="0" />
      <line nr="129" mi="0" ci="1" mb="0" cb="0" />
      <line nr="130" mi="0" ci="1" mb="0" cb="0" />
      <line nr="131" mi="1" ci="0" mb="0" cb="0" />
      <line nr="134" mi="0" ci="1" mb="0" cb="0" />
      <line nr="135" mi="0" ci="1" mb="0" cb="0" />
      <line nr="153" mi="1" ci="0" mb="0" cb="0" />
      <line nr="169" mi="1" ci="0" mb="0" cb="0" />
      <line nr="198" mi="0" ci="1" mb="0" cb="0" />
      <line nr="199" mi="0" ci="1" mb="0" cb="0" />
      <line nr="200" mi="0" ci="1" mb="0" cb="0" />
      <line nr="201" mi="0" ci="1" mb="0" cb="0" />
      <line nr="202" mi="0" ci="1" mb="0" cb="0" />
      <line nr="204" mi="0" ci="1" mb="0" cb="0" />
      <line nr="205" mi="1" ci="0" mb="0" cb="0" />
      <line nr="208" mi="0" ci="1" mb="0" cb="0" />
      <line nr="209" mi="0" ci="1" mb="0" cb="0" />
      <line nr="212" mi="0" ci="1" mb="0" cb="0" />
      <line nr="214" mi="0" ci="1" mb="0" cb="0" />
      <line nr="215" mi="0" ci="1" mb="0" cb="0" />
      <line nr="218" mi="0" ci="1" mb="0" cb="0" />
      <line nr="219" mi="0" ci="1" mb="0" cb="0" />
      <line nr="225" mi="0" ci="1" mb="0" cb="0" />
      <line nr="232" mi="0" ci="1" mb="0" cb="0" />
      <line nr="233" mi="0" ci="1" mb="0" cb="0" />
      <line nr="234" mi="0" ci="1" mb="0" cb="0" />
      <line nr="235" mi="0" ci="1" mb="0" cb="0" />
      <line nr="236" mi="0" ci="1" mb="0" cb="0" />
      <line nr="239" mi="0" ci="1" mb="0" cb="0" />
      <line nr="240" mi="0" ci="1" mb="0" cb="0" />
      <line nr="245" mi="0" ci="1" mb="0" cb="0" />
      <line nr="246" mi="0" ci="1" mb="0" cb="0" />
      <line nr="261" mi="0" ci="2" mb="0" cb="0" />
      <line nr="263" mi="0" ci="1" mb="0" cb="0" />
      <line nr="264" mi="0" ci="1" mb="0" cb="0" />
      <line nr="267" mi="0" ci="1" mb="0" cb="0" />
      <line nr="268" mi="0" ci="1" mb="0" cb="0" />
      <line nr="271" mi="0" ci="3" mb="0" cb="0" />
      <line nr="272" mi="0" ci="1" mb="0" cb="0" />
      <line nr="274" mi="0" ci="2" mb="0" cb="0" />
      <line nr="275" mi="0" ci="1" mb="0" cb="0" />
      <line nr="278" mi="0" ci="1" mb="0" cb="0" />
      <line nr="279" mi="0" ci="1" mb="0" cb="0" />
      <line nr="280" mi="0" ci="2" mb="0" cb="0" />
      <line nr="281" mi="1" ci="0" mb="0" cb="0" />
      <line nr="284" mi="0" ci="1" mb="0" cb="0" />
      <line nr="286" mi="0" ci="1" mb="0" cb="0" />
      <line nr="287" mi="0" ci="1" mb="0" cb="0" />
      <line nr="288" mi="0" ci="1" mb="0" cb="0" />
      <line nr="289" mi="1" ci="0" mb="0" cb="0" />
      <line nr="292" mi="0" ci="2" mb="0" cb="0" />
      <line nr="293" mi="1" ci="0" mb="0" cb="0" />
      <line nr="296" mi="0" ci="2" mb="0" cb="0" />
      <line nr="297" mi="0" ci="1" mb="0" cb="0" />
      <line nr="298" mi="0" ci="1" mb="0" cb="0" />
      <line nr="302" mi="0" ci="1" mb="0" cb="0" />
      <line nr="304" mi="0" ci="1" mb="0" cb="0" />
      <line nr="305" mi="1" ci="0" mb="0" cb="0" />
      <line nr="308" mi="0" ci="1" mb="0" cb="0" />
      <line nr="309" mi="0" ci="1" mb="0" cb="0" />
      <line nr="310" mi="0" ci="2" mb="0" cb="0" />
      <line nr="311" mi="2" ci="0" mb="0" cb="0" />
      <line nr="314" mi="0" ci="1" mb="0" cb="0" />
      <line nr="315" mi="0" ci="2" mb="0" cb="0" />
      <line nr="316" mi="0" ci="1" mb="0" cb="0" />
      <line nr="320" mi="0" ci="1" mb="0" cb="0" />
      <line nr="322" mi="0" ci="1" mb="0" cb="0" />
      <line nr="326" mi="0" ci="1" mb="0" cb="0" />
      <line nr="338" mi="0" ci="1" mb="0" cb="0" />
      <line nr="339" mi="0" ci="1" mb="0" cb="0" />
      <line nr="340" mi="0" ci="1" mb="0" cb="0" />
      <line nr="341" mi="0" ci="1" mb="0" cb="0" />
      <line nr="343" mi="0" ci="1" mb="0" cb="0" />
      <line nr="344" mi="0" ci="1" mb="0" cb="0" />
      <line nr="347" mi="0" ci="1" mb="0" cb="0" />
      <line nr="348" mi="1" ci="0" mb="0" cb="0" />
      <counter type="INSTRUCTION" missed="11" covered="100" />
      <counter type="LINE" missed="10" covered="88" />
      <counter type="METHOD" missed="2" covered="7" />
      <counter type="CLASS" missed="0" covered="1" />
    </sourcefile>
    <counter type="INSTRUCTION" missed="36" covered="330" />
    <counter type="LINE" missed="30" covered="286" />
    <counter type="METHOD" missed="2" covered="16" />
    <counter type="CLASS" missed="0" covered="2" />
  </package>
  <counter type="INSTRUCTION" missed="36" covered="330" />
  <counter type="LINE" missed="30" covered="286" />
  <counter type="METHOD" missed="2" covered="16" />
  <counter type="CLASS" missed="0" covered="2" />
</report>
