<?xml version="1.0" encoding="utf-8"?>
<TestRun id="5eb636b2-7cba-452d-90ce-d9fc3e7e4b16" name="<account>@<host> 2026-08-27 16:14:05" runUser="Megalodon4\<account>" xmlns="http://microsoft.com/schemas/VisualStudio/TeamTest/2010">
  <Times creation="2026-08-27T16:14:05.2342368-04:00" queuing="2026-08-27T16:14:05.2342368-04:00" start="2026-08-27T16:14:03.9873997-04:00" finish="2026-08-27T16:14:05.2487927-04:00" />
  <TestSettings name="default" id="1f6518f4-2426-42b9-bfc9-8d8214a7f1f5">
    <Deployment runDeploymentRoot="<account>_<host>_2026-08-27_16_14_05" />
  </TestSettings>
  <Results>
    <UnitTestResult executionId="b385bb20-ebda-424c-8483-5a40b4f484bf" testId="1d3e603f-4013-8350-9567-08c7d3fa027f" testName="CloseCore_RepeatedCloseWithoutReopen_ClosesHostExactlyOnce" computerName="<host>" duration="00:00:00.0670187" startTime="2026-08-27T16:14:04.9641574-04:00" endTime="2026-08-27T16:14:05.1608696-04:00" testType="13cdc9d9-ddb5-4fa4-a97d-d965ccfc6d4b" outcome="Passed" testListId="8c84fa94-04c1-424b-9868-57a2d4851a1d" relativeResultsDirectory="b385bb20-ebda-424c-8483-5a40b4f484bf">
      <Output>
        <StdOut>Warning:&#xD;
     The component "Fluent Assertions" is governed by the rules defined in the Xceed License Agreement and&#xD;
     the Xceed Fluent Assertions Community License. You may use Fluent Assertions free of charge for&#xD;
     non-commercial use only. An active subscription is required to use Fluent Assertions for commercial use.&#xD;
&#xD;
     Please contact Xceed Sales mailto:sales@xceed.com to acquire a subscription at a very low cost.&#xD;
&#xD;
     A paid commercial license supports the development and continued increasing support of&#xD;
     Fluent Assertions users under both commercial and community licenses. Help us&#xD;
     keep Fluent Assertions at the forefront of unit testing.&#xD;
&#xD;
     For more information, visit https://xceed.com/products/unit-testing/fluent-assertions/&#xD;
&#xD;
&#xD;
&#xD;
Debug Trace:&#xD;
     Warning:&#xD;
     The component "Fluent Assertions" is governed by the rules defined in the Xceed License Agreement and&#xD;
     the Xceed Fluent Assertions Community License. You may use Fluent Assertions free of charge for&#xD;
     non-commercial use only. An active subscription is required to use Fluent Assertions for commercial use.&#xD;
&#xD;
     Please contact Xceed Sales mailto:sales@xceed.com to acquire a subscription at a very low cost.&#xD;
&#xD;
     A paid commercial license supports the development and continued increasing support of&#xD;
     Fluent Assertions users under both commercial and community licenses. Help us&#xD;
     keep Fluent Assertions at the forefront of unit testing.&#xD;
&#xD;
     For more information, visit https://xceed.com/products/unit-testing/fluent-assertions/</StdOut>
      </Output>
    </UnitTestResult>
  </Results>
  <TestDefinitions>
    <UnitTest name="CloseCore_RepeatedCloseWithoutReopen_ClosesHostExactlyOnce" storage="c:\users\danmoisan\repos\taskmaster\.claude\worktrees\agent-a5f370e5c08f8ddb0\quickfiler.test\bin\debug\quickfiler.test.dll" id="1d3e603f-4013-8350-9567-08c7d3fa027f">
      <Execution id="b385bb20-ebda-424c-8483-5a40b4f484bf" />
      <TestMethod codeBase="WS\QuickFiler.Test\bin\Debug\QuickFiler.Test.dll" adapterTypeName="executor://mstestadapter/v4" className="QuickFiler.Test.Viewers.BreadcrumbDropDownOpenCoordinatorTests" name="CloseCore_RepeatedCloseWithoutReopen_ClosesHostExactlyOnce" />
    </UnitTest>
  </TestDefinitions>
  <TestEntries>
    <TestEntry testId="1d3e603f-4013-8350-9567-08c7d3fa027f" executionId="b385bb20-ebda-424c-8483-5a40b4f484bf" testListId="8c84fa94-04c1-424b-9868-57a2d4851a1d" />
  </TestEntries>
  <TestLists>
    <TestList name="Results Not in a List" id="8c84fa94-04c1-424b-9868-57a2d4851a1d" />
    <TestList name="All Loaded Results" id="19431567-8539-422a-85d7-44ee4e166bda" />
  </TestLists>
  <ResultSummary outcome="Completed">
    <Counters total="1" executed="1" passed="1" failed="0" error="0" timeout="0" aborted="0" inconclusive="0" passedButRunAborted="0" notRunnable="0" notExecuted="0" disconnected="0" warning="0" completed="0" inProgress="0" pending="0" />
    <Output>
      <StdOut>Test Parallelization enabled for WS\QuickFiler.Test\bin\Debug\QuickFiler.Test.dll (Workers: 24, Scope: ClassLevel)&#xD;
</StdOut>
    </Output>
  </ResultSummary>
</TestRun>