<?xml version="1.0" encoding="utf-8"?>
<TestRun id="0ff4b450-ef8c-4d80-98ee-85289023baee" name="<user>@<host> 2026-08-27 19:44:56" runUser="<host>\<user>" xmlns="http://microsoft.com/schemas/VisualStudio/TeamTest/2010">
  <Times creation="2026-08-27T19:44:56.6799704-04:00" queuing="2026-08-27T19:44:56.6799704-04:00" start="2026-08-27T19:44:55.4140641-04:00" finish="2026-08-27T19:44:56.6969796-04:00" />
  <TestSettings name="default" id="4c333ccb-207e-47ac-8070-8f80e48b26c8">
    <Deployment runDeploymentRoot="<user>_<host>_2026-08-27_19_44_56" />
  </TestSettings>
  <Results>
    <UnitTestResult executionId="5da74a13-7502-4d15-9666-7d44eeda4613" testId="13a00ea9-f8c9-8319-9eb8-b6ec32cae7e4" testName="SelectorsCtrlsField_IsAbsentFromEfcItemControllerMetadata" computerName="<host>" duration="00:00:00.0017879" startTime="2026-08-27T19:44:56.6189244-04:00" endTime="2026-08-27T19:44:56.6249243-04:00" testType="13cdc9d9-ddb5-4fa4-a97d-d965ccfc6d4b" outcome="Failed" testListId="8c84fa94-04c1-424b-9868-57a2d4851a1d" relativeResultsDirectory="5da74a13-7502-4d15-9666-7d44eeda4613">
      <Output>
        <ErrorInfo>
          <Message>Expected selectorsCtrls to be &lt;null&gt; because _selectorsCtrls is never assigned and #466 B removes it in favour of an explicit null at both SetupThemes call sites, but found System.Collections.Generic.List`1[System.Windows.Forms.Control] _selectorsCtrls.</Message>
          <StackTrace>   at FluentAssertions.Execution.LateBoundTestFramework.Throw(String message) in /_/Src/FluentAssertions/Execution/LateBoundTestFramework.cs:line 22&#xD;
   at FluentAssertions.Execution.AssertionChain.FailWith(Func`1 getFailureReason) in /_/Src/FluentAssertions/Execution/AssertionChain.cs:line 277&#xD;
   at FluentAssertions.Primitives.ReferenceTypeAssertions`2.BeNull(String because, Object[] becauseArgs) in /_/Src/FluentAssertions/Primitives/ReferenceTypeAssertions.cs:line 49&#xD;
   at QuickFiler.Controllers.Tests.EfcItemControllerTests.SelectorsCtrlsField_IsAbsentFromEfcItemControllerMetadata() in <repo-root>\QuickFiler.Test\Controllers\EfcItemControllerTests.cs:line 158</StackTrace>
        </ErrorInfo>
      </Output>
    </UnitTestResult>
    <UnitTestResult executionId="541962c1-e30e-476d-b0c1-965ff7cf2a36" testId="1fe29694-9ab7-82f4-9e1e-3b093f21b121" testName="ToggleExpansion_IsAbsentAtEveryArity" computerName="<host>" duration="00:00:00.0096821" startTime="2026-08-27T19:44:56.6049243-04:00" endTime="2026-08-27T19:44:56.6149254-04:00" testType="13cdc9d9-ddb5-4fa4-a97d-d965ccfc6d4b" outcome="Failed" testListId="8c84fa94-04c1-424b-9868-57a2d4851a1d" relativeResultsDirectory="541962c1-e30e-476d-b0c1-965ff7cf2a36">
      <Output>
        <ErrorInfo>
          <Message>Expected synchronousOverloads to be empty because the dead synchronous expansion path is removed at every arity by #459 B/C, which also closes #464 D, but found at least one item {EfcItemController.ToggleExpansion}.</Message>
          <StackTrace>   at FluentAssertions.Execution.LateBoundTestFramework.Throw(String message) in /_/Src/FluentAssertions/Execution/LateBoundTestFramework.cs:line 22&#xD;
   at FluentAssertions.Execution.AssertionChain.FailWith(Func`1 getFailureReason) in /_/Src/FluentAssertions/Execution/AssertionChain.cs:line 277&#xD;
   at FluentAssertions.Execution.GivenSelector`1.FailWith(String message, Object[] args) in /_/Src/FluentAssertions/Execution/GivenSelector.cs:line 75&#xD;
   at FluentAssertions.Execution.AssertionChain.WithExpectation(String message, Action`1 chain, Object[] args) in /_/Src/FluentAssertions/Execution/AssertionChain.cs:line 192&#xD;
   at FluentAssertions.Collections.GenericCollectionAssertions`3.BeEmpty(String because, Object[] becauseArgs) in /_/Src/FluentAssertions/Collections/GenericCollectionAssertions.cs:line 300&#xD;
   at QuickFiler.Controllers.Tests.EfcItemControllerTests.ToggleExpansion_IsAbsentAtEveryArity() in <repo-root>\QuickFiler.Test\Controllers\EfcItemControllerTests.cs:line 70</StackTrace>
        </ErrorInfo>
      </Output>
    </UnitTestResult>
    <UnitTestResult executionId="15baaed5-d489-4311-bd4e-be5cf8c39e04" testId="14b758d3-e70c-825d-b33f-f4e2513bb766" testName="InitializeWebView_IsAbsentFromEfcItemControllerMetadata" computerName="<host>" duration="00:00:00.0005446" startTime="2026-08-27T19:44:56.6149254-04:00" endTime="2026-08-27T19:44:56.6149254-04:00" testType="13cdc9d9-ddb5-4fa4-a97d-d965ccfc6d4b" outcome="Failed" testListId="8c84fa94-04c1-424b-9868-57a2d4851a1d" relativeResultsDirectory="15baaed5-d489-4311-bd4e-be5cf8c39e04">
      <Output>
        <ErrorInfo>
          <Message>Expected initializeWebView to be &lt;null&gt; because InitializeWebView has zero call sites and #466 B closes it by removal, taking the dead EN DASH literal with it, but found EfcItemController.InitializeWebView.</Message>
          <StackTrace>   at FluentAssertions.Execution.LateBoundTestFramework.Throw(String message) in /_/Src/FluentAssertions/Execution/LateBoundTestFramework.cs:line 22&#xD;
   at FluentAssertions.Execution.AssertionChain.FailWith(Func`1 getFailureReason) in /_/Src/FluentAssertions/Execution/AssertionChain.cs:line 277&#xD;
   at FluentAssertions.Primitives.ReferenceTypeAssertions`2.BeNull(String because, Object[] becauseArgs) in /_/Src/FluentAssertions/Primitives/ReferenceTypeAssertions.cs:line 49&#xD;
   at QuickFiler.Controllers.Tests.EfcItemControllerTests.InitializeWebView_IsAbsentFromEfcItemControllerMetadata() in <repo-root>\QuickFiler.Test\Controllers\EfcItemControllerTests.cs:line 98</StackTrace>
        </ErrorInfo>
      </Output>
    </UnitTestResult>
    <UnitTestResult executionId="8edcfef0-0a8d-4d3e-a9da-3b8b05f82ed5" testId="1c81043e-c9cd-8117-afac-e9c6d0795fc0" testName="SevenParameterConstructor_IsAbsentFromEfcItemControllerMetadata" computerName="<host>" duration="00:00:00.0037410" startTime="2026-08-27T19:44:56.6149254-04:00" endTime="2026-08-27T19:44:56.6189244-04:00" testType="13cdc9d9-ddb5-4fa4-a97d-d965ccfc6d4b" outcome="Failed" testListId="8c84fa94-04c1-424b-9868-57a2d4851a1d" relativeResultsDirectory="8edcfef0-0a8d-4d3e-a9da-3b8b05f82ed5">
      <Output>
        <ErrorInfo>
          <Message>Expected parameterCounts {6, 7, 5} to not contain 7 because the seven-parameter constructor has zero call sites and #466 C removes it.</Message>
          <StackTrace>   at FluentAssertions.Execution.LateBoundTestFramework.Throw(String message) in /_/Src/FluentAssertions/Execution/LateBoundTestFramework.cs:line 22&#xD;
   at FluentAssertions.Execution.AssertionChain.FailWith(Func`1 getFailureReason) in /_/Src/FluentAssertions/Execution/AssertionChain.cs:line 277&#xD;
   at FluentAssertions.Collections.GenericCollectionAssertions`3.NotContain(T unexpected, String because, Object[] becauseArgs) in /_/Src/FluentAssertions/Collections/GenericCollectionAssertions.cs:line 2306&#xD;
   at QuickFiler.Controllers.Tests.EfcItemControllerTests.SevenParameterConstructor_IsAbsentFromEfcItemControllerMetadata() in <repo-root>\QuickFiler.Test\Controllers\EfcItemControllerTests.cs:line 123</StackTrace>
        </ErrorInfo>
      </Output>
    </UnitTestResult>
    <UnitTestResult executionId="b802e2f4-0e63-4503-892d-3e899bb21430" testId="103dea09-27d2-8b58-ba2c-a2f454db13a8" testName="RegisterActions_IsAbsentFromEfcItemControllerMetadata" computerName="<host>" duration="00:00:00.1298557" startTime="2026-08-27T19:44:56.3523951-04:00" endTime="2026-08-27T19:44:56.5994164-04:00" testType="13cdc9d9-ddb5-4fa4-a97d-d965ccfc6d4b" outcome="Failed" testListId="8c84fa94-04c1-424b-9868-57a2d4851a1d" relativeResultsDirectory="b802e2f4-0e63-4503-892d-3e899bb21430">
      <Output>
        <StdOut>Warning:&#xD;
     The component "Fluent Assertions" is governed by the rules defined in the Xceed License Agreement and&#xD;
     the Xceed Fluent Assertions Community License. You may use Fluent Assertions free of charge for&#xD;
     non-commercial use only. An active subscription is required to use Fluent Assertions for commercial use.&#xD;
&#xD;
     Please contact Xceed Sales mailto:sales@xceed.com to acquire a subscription at a very low cost.&#xD;
&#xD;
     A paid commercial license supports the development and continued increasing support of&#xD;
     Fluent Assertions users under both commercial and community licenses. Help us&#xD;
     keep Fluent Assertions at the forefront of unit testing.&#xD;
&#xD;
     For more information, visit https://xceed.com/products/unit-testing/fluent-assertions/&#xD;
&#xD;
&#xD;
&#xD;
Debug Trace:&#xD;
     Warning:&#xD;
     The component "Fluent Assertions" is governed by the rules defined in the Xceed License Agreement and&#xD;
     the Xceed Fluent Assertions Community License. You may use Fluent Assertions free of charge for&#xD;
     non-commercial use only. An active subscription is required to use Fluent Assertions for commercial use.&#xD;
&#xD;
     Please contact Xceed Sales mailto:sales@xceed.com to acquire a subscription at a very low cost.&#xD;
&#xD;
     A paid commercial license supports the development and continued increasing support of&#xD;
     Fluent Assertions users under both commercial and community licenses. Help us&#xD;
     keep Fluent Assertions at the forefront of unit testing.&#xD;
&#xD;
     For more information, visit https://xceed.com/products/unit-testing/fluent-assertions/</StdOut>
        <ErrorInfo>
          <Message>Expected registerActions to be &lt;null&gt; because RegisterActions is dead code that misuses the KbdActions&lt;&gt; indexer setter and #459 A closes it by removal, but found EfcItemController.RegisterActions.</Message>
          <StackTrace>   at FluentAssertions.Execution.LateBoundTestFramework.Throw(String message) in /_/Src/FluentAssertions/Execution/LateBoundTestFramework.cs:line 22&#xD;
   at FluentAssertions.Execution.AssertionChain.FailWith(Func`1 getFailureReason) in /_/Src/FluentAssertions/Execution/AssertionChain.cs:line 277&#xD;
   at FluentAssertions.Primitives.ReferenceTypeAssertions`2.BeNull(String because, Object[] becauseArgs) in /_/Src/FluentAssertions/Primitives/ReferenceTypeAssertions.cs:line 49&#xD;
   at QuickFiler.Controllers.Tests.EfcItemControllerTests.RegisterActions_IsAbsentFromEfcItemControllerMetadata() in <repo-root>\QuickFiler.Test\Controllers\EfcItemControllerTests.cs:line 42</StackTrace>
        </ErrorInfo>
      </Output>
    </UnitTestResult>
  </Results>
  <TestDefinitions>
    <UnitTest name="RegisterActions_IsAbsentFromEfcItemControllerMetadata" storage="<repo-root>\quickfiler.test\bin\debug\quickfiler.test.dll" id="103dea09-27d2-8b58-ba2c-a2f454db13a8">
      <Execution id="b802e2f4-0e63-4503-892d-3e899bb21430" />
      <TestMethod codeBase="<repo-root>\QuickFiler.Test\bin\Debug\QuickFiler.Test.dll" adapterTypeName="executor://mstestadapter/v4" className="QuickFiler.Controllers.Tests.EfcItemControllerTests" name="RegisterActions_IsAbsentFromEfcItemControllerMetadata" />
    </UnitTest>
    <UnitTest name="InitializeWebView_IsAbsentFromEfcItemControllerMetadata" storage="<repo-root>\quickfiler.test\bin\debug\quickfiler.test.dll" id="14b758d3-e70c-825d-b33f-f4e2513bb766">
      <Execution id="15baaed5-d489-4311-bd4e-be5cf8c39e04" />
      <TestMethod codeBase="<repo-root>\QuickFiler.Test\bin\Debug\QuickFiler.Test.dll" adapterTypeName="executor://mstestadapter/v4" className="QuickFiler.Controllers.Tests.EfcItemControllerTests" name="InitializeWebView_IsAbsentFromEfcItemControllerMetadata" />
    </UnitTest>
    <UnitTest name="SevenParameterConstructor_IsAbsentFromEfcItemControllerMetadata" storage="<repo-root>\quickfiler.test\bin\debug\quickfiler.test.dll" id="1c81043e-c9cd-8117-afac-e9c6d0795fc0">
      <Execution id="8edcfef0-0a8d-4d3e-a9da-3b8b05f82ed5" />
      <TestMethod codeBase="<repo-root>\QuickFiler.Test\bin\Debug\QuickFiler.Test.dll" adapterTypeName="executor://mstestadapter/v4" className="QuickFiler.Controllers.Tests.EfcItemControllerTests" name="SevenParameterConstructor_IsAbsentFromEfcItemControllerMetadata" />
    </UnitTest>
    <UnitTest name="ToggleExpansion_IsAbsentAtEveryArity" storage="<repo-root>\quickfiler.test\bin\debug\quickfiler.test.dll" id="1fe29694-9ab7-82f4-9e1e-3b093f21b121">
      <Execution id="541962c1-e30e-476d-b0c1-965ff7cf2a36" />
      <TestMethod codeBase="<repo-root>\QuickFiler.Test\bin\Debug\QuickFiler.Test.dll" adapterTypeName="executor://mstestadapter/v4" className="QuickFiler.Controllers.Tests.EfcItemControllerTests" name="ToggleExpansion_IsAbsentAtEveryArity" />
    </UnitTest>
    <UnitTest name="SelectorsCtrlsField_IsAbsentFromEfcItemControllerMetadata" storage="<repo-root>\quickfiler.test\bin\debug\quickfiler.test.dll" id="13a00ea9-f8c9-8319-9eb8-b6ec32cae7e4">
      <Execution id="5da74a13-7502-4d15-9666-7d44eeda4613" />
      <TestMethod codeBase="<repo-root>\QuickFiler.Test\bin\Debug\QuickFiler.Test.dll" adapterTypeName="executor://mstestadapter/v4" className="QuickFiler.Controllers.Tests.EfcItemControllerTests" name="SelectorsCtrlsField_IsAbsentFromEfcItemControllerMetadata" />
    </UnitTest>
  </TestDefinitions>
  <TestEntries>
    <TestEntry testId="13a00ea9-f8c9-8319-9eb8-b6ec32cae7e4" executionId="5da74a13-7502-4d15-9666-7d44eeda4613" testListId="8c84fa94-04c1-424b-9868-57a2d4851a1d" />
    <TestEntry testId="1fe29694-9ab7-82f4-9e1e-3b093f21b121" executionId="541962c1-e30e-476d-b0c1-965ff7cf2a36" testListId="8c84fa94-04c1-424b-9868-57a2d4851a1d" />
    <TestEntry testId="14b758d3-e70c-825d-b33f-f4e2513bb766" executionId="15baaed5-d489-4311-bd4e-be5cf8c39e04" testListId="8c84fa94-04c1-424b-9868-57a2d4851a1d" />
    <TestEntry testId="1c81043e-c9cd-8117-afac-e9c6d0795fc0" executionId="8edcfef0-0a8d-4d3e-a9da-3b8b05f82ed5" testListId="8c84fa94-04c1-424b-9868-57a2d4851a1d" />
    <TestEntry testId="103dea09-27d2-8b58-ba2c-a2f454db13a8" executionId="b802e2f4-0e63-4503-892d-3e899bb21430" testListId="8c84fa94-04c1-424b-9868-57a2d4851a1d" />
  </TestEntries>
  <TestLists>
    <TestList name="Results Not in a List" id="8c84fa94-04c1-424b-9868-57a2d4851a1d" />
    <TestList name="All Loaded Results" id="19431567-8539-422a-85d7-44ee4e166bda" />
  </TestLists>
  <ResultSummary outcome="Failed">
    <Counters total="5" executed="5" passed="0" failed="5" error="0" timeout="0" aborted="0" inconclusive="0" passedButRunAborted="0" notRunnable="0" notExecuted="0" disconnected="0" warning="0" completed="0" inProgress="0" pending="0" />
    <Output>
      <StdOut>Test Parallelization enabled for <repo-root>\QuickFiler.Test\bin\Debug\QuickFiler.Test.dll (Workers: 24, Scope: ClassLevel)&#xD;
</StdOut>
    </Output>
  </ResultSummary>
</TestRun>